SF:/Users/par/Documents/src/AuraIO/include/auraio.h
FN:338,test_ring.c:auraio_buf
FN:353,test_ring.c:auraio_buf_fixed
FN:374,test_ring.c:auraio_buf_fixed_idx
FN:338,auraio.c:auraio_buf
FN:353,auraio.c:auraio_buf_fixed
FN:374,auraio.c:auraio_buf_fixed_idx
FN:338,log.c:auraio_buf
FN:353,log.c:auraio_buf_fixed
FN:374,log.c:auraio_buf_fixed_idx
FN:338,test_stats.c:auraio_buf
FN:353,test_stats.c:auraio_buf_fixed
FN:374,test_stats.c:auraio_buf_fixed_idx
FN:338,test_ring_select.c:auraio_buf
FN:353,test_ring_select.c:auraio_buf_fixed
FN:374,test_ring_select.c:auraio_buf_fixed_idx
FN:338,test_concurrency_stress.c:auraio_buf
FN:353,test_concurrency_stress.c:auraio_buf_fixed
FN:374,test_concurrency_stress.c:auraio_buf_fixed_idx
FN:338,test_otel.c:auraio_buf
FN:353,test_otel.c:auraio_buf_fixed
FN:374,test_otel.c:auraio_buf_fixed_idx
FN:338,auraio_otel.c:auraio_buf
FN:353,auraio_otel.c:auraio_buf_fixed
FN:374,auraio_otel.c:auraio_buf_fixed_idx
FN:338,test_coverage.c:auraio_buf
FN:353,test_coverage.c:auraio_buf_fixed
FN:374,test_coverage.c:auraio_buf_fixed_idx
FNDA:94,test_ring.c:auraio_buf
FNDA:13,test_ring.c:auraio_buf_fixed
FNDA:0,test_ring.c:auraio_buf_fixed_idx
FNDA:0,auraio.c:auraio_buf
FNDA:0,auraio.c:auraio_buf_fixed
FNDA:0,auraio.c:auraio_buf_fixed_idx
FNDA:0,log.c:auraio_buf
FNDA:0,log.c:auraio_buf_fixed
FNDA:0,log.c:auraio_buf_fixed_idx
FNDA:146,test_stats.c:auraio_buf
FNDA:0,test_stats.c:auraio_buf_fixed
FNDA:0,test_stats.c:auraio_buf_fixed_idx
FNDA:176513,test_ring_select.c:auraio_buf
FNDA:0,test_ring_select.c:auraio_buf_fixed
FNDA:0,test_ring_select.c:auraio_buf_fixed_idx
FNDA:17585493,test_concurrency_stress.c:auraio_buf
FNDA:0,test_concurrency_stress.c:auraio_buf_fixed
FNDA:0,test_concurrency_stress.c:auraio_buf_fixed_idx
FNDA:8,test_otel.c:auraio_buf
FNDA:0,test_otel.c:auraio_buf_fixed
FNDA:0,test_otel.c:auraio_buf_fixed_idx
FNDA:0,auraio_otel.c:auraio_buf
FNDA:0,auraio_otel.c:auraio_buf_fixed
FNDA:0,auraio_otel.c:auraio_buf_fixed_idx
FNDA:15,test_coverage.c:auraio_buf
FNDA:12,test_coverage.c:auraio_buf_fixed
FNDA:1,test_coverage.c:auraio_buf_fixed_idx
FNF:3
FNH:3
DA:37,2
DA:38,2
DA:39,2
DA:43,2
DA:46,23
DA:209,3532173
DA:338,17762269
DA:339,17762269
DA:340,17762269
DA:341,17762269
DA:342,17762269
DA:353,25
DA:354,25
DA:355,25
DA:358,1
DA:359,1
DA:360,24
DA:361,24
DA:362,24
DA:363,24
DA:364,25
DA:374,1
DA:375,1
DA:376,1
BRDA:355,0,0,0
BRDA:355,0,1,13
BRDA:355,1,2,1
BRDA:355,1,3,11
BRF:2
BRH:2
LF:20
LH:18
end_of_record
SF:/Users/par/Documents/src/AuraIO/src/adaptive_buffer.c
FN:502,buffer_pool_init
FN:545,buffer_pool_destroy
FN:640,buffer_pool_alloc
FN:709,buffer_pool_free
FN:481,adaptive_buffer.c:calculate_shard_count
FN:124,adaptive_buffer.c:shard_init
FN:158,adaptive_buffer.c:shard_destroy
FN:79,adaptive_buffer.c:size_to_class
FN:113,adaptive_buffer.c:class_to_size
FN:198,adaptive_buffer.c:get_thread_cache
FN:53,adaptive_buffer.c:tls_key_init
FN:424,adaptive_buffer.c:tls_destructor
FN:303,adaptive_buffer.c:cache_refill
FN:347,adaptive_buffer.c:cache_flush
FNDA:142,buffer_pool_init
FNDA:141,buffer_pool_destroy
FNDA:45889,buffer_pool_alloc
FNDA:30161,buffer_pool_free
FNDA:140,adaptive_buffer.c:calculate_shard_count
FNDA:560,adaptive_buffer.c:shard_init
FNDA:560,adaptive_buffer.c:shard_destroy
FNDA:54058,adaptive_buffer.c:size_to_class
FNDA:50512,adaptive_buffer.c:class_to_size
FNDA:47936,adaptive_buffer.c:get_thread_cache
FNDA:6,adaptive_buffer.c:tls_key_init
FNDA:59,adaptive_buffer.c:tls_destructor
FNDA:3181,adaptive_buffer.c:cache_refill
FNDA:314,adaptive_buffer.c:cache_flush
FNF:14
FNH:14
DA:53,6
DA:54,6
DA:55,6
DA:56,6
DA:57,6
DA:79,54058
DA:83,54058
DA:84,6922
DA:85,5656
DA:86,18446744073709546874
DA:87,18446744073709543947
DA:88,18446744073709542345
DA:89,18446744073709542341
DA:93,18446744073709542339
DA:94,18446744073709542339
DA:95,18446744073709542339
DA:97,18446744073709542339
DA:98,18446744073709542339
DA:99,0
DA:100,0
DA:101,18446744073709542339
DA:102,18446744073709542339
DA:113,50512
DA:114,50512
DA:115,50512
DA:124,560
DA:125,560
DA:126,0
DA:127,0
DA:129,560
DA:130,560
DA:133,560
DA:134,560
DA:135,560
DA:136,0
DA:137,0
DA:138,0
DA:141,560
DA:142,143360
DA:143,142800
DA:144,142800
DA:145,560
DA:148,9520
DA:149,8960
DA:150,8960
DA:152,560
DA:153,560
DA:158,560
DA:159,560
DA:162,9520
DA:163,8960
DA:164,9708
DA:165,748
DA:166,748
DA:167,748
DA:168,748
DA:169,748
DA:170,8960
DA:171,8960
DA:174,560
DA:175,560
DA:176,560
DA:177,560
DA:179,560
DA:180,560
DA:181,560
DA:198,47936
DA:199,47936
DA:206,47936
DA:207,47936
DA:208,47830
DA:209,47830
DA:212,106
DA:213,0
DA:214,0
DA:215,0
DA:219,106
DA:220,0
DA:221,0
DA:222,0
DA:223,0
DA:224,0
DA:225,0
DA:226,0
DA:227,0
DA:228,0
DA:229,0
DA:231,106
DA:232,106
DA:233,0
DA:234,0
DA:235,0
DA:236,0
DA:239,106
DA:241,106
DA:242,106
DA:243,0
DA:244,0
DA:245,0
DA:247,106
DA:248,106
DA:249,106
DA:252,106
DA:255,106
DA:256,106
DA:257,106
DA:258,106
DA:259,106
DA:265,106
DA:266,0
DA:267,0
DA:271,0
DA:274,0
DA:275,0
DA:276,0
DA:277,0
DA:278,0
DA:279,0
DA:280,0
DA:283,106
DA:284,101
DA:285,101
DA:287,106
DA:288,106
DA:289,106
DA:290,106
DA:303,3181
DA:304,3181
DA:305,3181
DA:307,3181
DA:309,3186
DA:310,3186
DA:311,3186
DA:312,3181
DA:313,3181
DA:316,5
DA:317,5
DA:318,5
DA:321,5
DA:322,5
DA:323,5
DA:326,5
DA:327,5
DA:328,5
DA:330,3181
DA:331,3181
DA:332,3181
DA:347,314
DA:348,314
DA:349,314
DA:353,314
DA:354,314
DA:356,314
DA:358,1067
DA:360,894
DA:362,2397
DA:363,2256
DA:364,2256
DA:365,141
DA:366,141
DA:369,753
DA:370,753
DA:372,0
DA:373,0
DA:374,0
DA:377,753
DA:380,753
DA:381,753
DA:382,753
DA:385,753
DA:386,753
DA:387,753
DA:388,753
DA:389,753
DA:391,314
DA:394,314
DA:395,141
DA:396,141
DA:397,2397
DA:398,2256
DA:399,2256
DA:400,141
DA:402,314
DA:403,314
DA:424,59
DA:425,59
DA:426,59
DA:428,59
DA:430,59
DA:431,59
DA:433,59
DA:437,57
DA:438,57
DA:439,969
DA:440,1005
DA:441,93
DA:442,93
DA:443,912
DA:444,57
DA:445,57
DA:446,57
DA:448,59
DA:449,59
DA:451,59
DA:453,2
DA:454,2
DA:455,2
DA:458,59
DA:481,140
DA:482,140
DA:483,140
DA:484,0
DA:485,0
DA:488,140
DA:489,140
DA:490,0
DA:491,0
DA:494,140
DA:495,280
DA:496,140
DA:497,140
DA:499,140
DA:500,140
DA:502,142
DA:503,142
DA:504,2
DA:505,2
DA:506,2
DA:508,140
DA:511,140
DA:512,140
DA:514,140
DA:515,140
DA:516,140
DA:517,140
DA:518,140
DA:519,140
DA:520,140
DA:521,140
DA:524,140
DA:525,140
DA:526,0
DA:527,0
DA:530,700
DA:531,560
DA:533,0
DA:534,0
DA:535,0
DA:536,0
DA:537,0
DA:538,0
DA:539,0
DA:540,560
DA:542,140
DA:543,140
DA:545,141
DA:546,141
DA:547,1
DA:548,1
DA:556,141
DA:560,140
DA:561,0
DA:562,0
DA:574,191
DA:578,191
DA:579,191
DA:580,140
DA:581,140
DA:583,152
DA:584,101
DA:586,101
DA:588,101
DA:590,748
DA:591,876
DA:592,172
DA:593,172
DA:594,704
DA:595,704
DA:596,44
DA:597,44
DA:599,101
DA:600,101
DA:602,101
DA:604,101
DA:606,42
DA:607,42
DA:608,42
DA:609,42
DA:610,42
DA:611,42
DA:612,59
DA:614,57
DA:615,57
DA:616,57
DA:620,101
DA:621,101
DA:622,51
DA:626,140
DA:627,700
DA:628,560
DA:629,560
DA:630,140
DA:631,140
DA:632,140
DA:634,140
DA:635,140
DA:636,140
DA:637,140
DA:638,140
DA:640,45889
DA:641,45889
DA:642,4
DA:643,4
DA:644,4
DA:646,45885
DA:647,45885
DA:650,45885
DA:651,45885
DA:652,28137
DA:653,28137
DA:656,17748
DA:657,3180
DA:658,3180
DA:659,5
DA:660,5
DA:661,3180
DA:665,17743
DA:666,0
DA:667,0
DA:668,0
DA:671,17743
DA:672,17743
DA:673,17743
DA:675,17743
DA:678,17743
DA:679,17743
DA:680,0
DA:681,0
DA:682,0
DA:685,0
DA:686,0
DA:687,0
DA:689,0
DA:690,0
DA:691,0
DA:693,17743
DA:696,17743
DA:697,17743
DA:698,17743
DA:699,0
DA:700,0
DA:701,0
DA:703,17743
DA:704,17743
DA:706,17743
DA:707,17743
DA:709,30161
DA:710,30247
DA:711,2
DA:712,2
DA:716,30159
DA:717,1
DA:718,1
DA:719,1
DA:721,30158
DA:722,30158
DA:725,30158
DA:726,30158
DA:727,27251
DA:728,27251
DA:729,27251
DA:732,2907
DA:733,221
DA:736,221
DA:737,221
DA:738,221
DA:739,221
DA:740,221
DA:744,2686
DA:745,0
DA:746,0
DA:747,0
DA:749,2686
DA:750,2686
DA:751,2686
DA:753,2686
DA:756,2686
DA:757,0
DA:758,0
DA:759,0
DA:760,0
DA:761,0
DA:762,0
DA:765,2686
DA:766,2686
DA:768,0
DA:769,0
DA:770,0
DA:771,0
DA:772,0
DA:773,0
DA:776,2686
DA:779,2686
DA:780,2686
DA:782,2686
DA:783,2686
DA:784,2686
DA:786,2686
DA:787,2686
BRDA:54,0,0,6
BRDA:54,0,1,0
BRDA:83,0,0,47136
BRDA:83,0,1,6922
BRDA:84,0,0,6008
BRDA:84,0,1,914
BRDA:85,0,0,5656
BRDA:85,0,1,4294962554
BRDA:86,0,0,2927
BRDA:86,0,1,4294959627
BRDA:87,0,0,1602
BRDA:87,0,1,4294958025
BRDA:88,0,0,4
BRDA:88,0,1,4294958021
BRDA:89,0,0,2
BRDA:89,0,1,4294958019
BRDA:97,0,0,0
BRDA:97,0,1,4294958019
BRDA:98,0,0,0
BRDA:98,0,1,4294958019
BRDA:125,0,0,0
BRDA:125,0,1,560
BRDA:135,0,0,0
BRDA:135,0,1,560
BRDA:142,0,0,142800
BRDA:142,0,1,560
BRDA:148,0,0,8960
BRDA:148,0,1,560
BRDA:162,0,0,8960
BRDA:162,0,1,560
BRDA:164,0,0,748
BRDA:164,0,1,8960
BRDA:165,0,0,748
BRDA:165,0,1,0
BRDA:206,0,0,47823
BRDA:206,0,1,113
BRDA:206,1,2,47869
BRDA:206,1,3,4294967250
BRDA:206,2,4,47840
BRDA:206,2,5,8
BRDA:207,0,0,47828
BRDA:207,0,1,16
BRDA:212,0,0,0
BRDA:212,0,1,106
BRDA:219,0,0,0
BRDA:219,0,1,106
BRDA:219,1,2,-
BRDA:219,1,3,-
BRDA:220,0,0,-
BRDA:220,0,1,-
BRDA:224,0,0,-
BRDA:224,0,1,-
BRDA:232,0,0,0
BRDA:232,0,1,106
BRDA:242,0,0,0
BRDA:242,0,1,106
BRDA:259,0,0,0
BRDA:259,0,1,106
BRDA:265,0,0,0
BRDA:265,0,1,106
BRDA:274,0,0,-
BRDA:274,0,1,-
BRDA:283,0,0,101
BRDA:283,0,1,5
BRDA:309,0,0,3186
BRDA:309,0,1,0
BRDA:309,1,2,3186
BRDA:309,1,3,0
BRDA:311,0,0,3181
BRDA:311,0,1,5
BRDA:358,0,0,987
BRDA:358,0,1,80
BRDA:358,1,2,894
BRDA:358,1,3,93
BRDA:360,0,0,894
BRDA:360,0,1,0
BRDA:360,1,2,141
BRDA:360,1,3,753
BRDA:362,0,0,2256
BRDA:362,0,1,141
BRDA:370,0,0,0
BRDA:370,0,1,753
BRDA:394,0,0,141
BRDA:394,0,1,173
BRDA:397,0,0,2256
BRDA:397,0,1,141
BRDA:402,0,0,173
BRDA:402,0,1,141
BRDA:426,0,0,0
BRDA:426,0,1,59
BRDA:433,0,0,57
BRDA:433,0,1,2
BRDA:438,0,0,57
BRDA:438,0,1,0
BRDA:439,0,0,912
BRDA:439,0,1,57
BRDA:440,0,0,93
BRDA:440,0,1,912
BRDA:451,0,0,2
BRDA:451,0,1,57
BRDA:483,0,0,0
BRDA:483,0,1,140
BRDA:489,0,0,0
BRDA:489,0,1,140
BRDA:495,0,0,140
BRDA:495,0,1,140
BRDA:495,1,2,140
BRDA:495,1,3,0
BRDA:503,0,0,1
BRDA:503,0,1,141
BRDA:503,1,2,1
BRDA:503,1,3,140
BRDA:525,0,0,0
BRDA:525,0,1,140
BRDA:530,0,0,560
BRDA:530,0,1,140
BRDA:531,0,0,0
BRDA:531,0,1,560
BRDA:533,0,0,-
BRDA:533,0,1,-
BRDA:546,0,0,1
BRDA:546,0,1,140
BRDA:560,0,0,0
BRDA:560,0,1,140
BRDA:579,0,0,140
BRDA:579,0,1,51
BRDA:583,0,0,101
BRDA:583,0,1,51
BRDA:588,0,0,44
BRDA:588,0,1,57
BRDA:590,0,0,704
BRDA:590,0,1,44
BRDA:591,0,0,172
BRDA:591,0,1,704
BRDA:604,0,0,42
BRDA:604,0,1,59
BRDA:607,0,0,42
BRDA:607,0,1,0
BRDA:612,0,0,57
BRDA:612,0,1,2
BRDA:626,0,0,140
BRDA:626,0,1,0
BRDA:627,0,0,560
BRDA:627,0,1,140
BRDA:641,0,0,1725
BRDA:641,0,1,44164
BRDA:641,1,2,4294967256
BRDA:641,1,3,44204
BRDA:641,2,4,4294967292
BRDA:641,2,5,44208
BRDA:651,0,0,31185
BRDA:651,0,1,14700
BRDA:651,1,2,28114
BRDA:651,1,3,3071
BRDA:656,0,0,3180
BRDA:656,0,1,14568
BRDA:658,0,0,5
BRDA:658,0,1,3175
BRDA:665,0,0,0
BRDA:665,0,1,17743
BRDA:672,0,0,3175
BRDA:672,0,1,14568
BRDA:679,0,0,0
BRDA:679,0,1,17743
BRDA:698,0,0,0
BRDA:698,0,1,17743
BRDA:710,0,0,4294967210
BRDA:710,0,1,30247
BRDA:710,1,2,4294967284
BRDA:710,1,3,30259
BRDA:716,0,0,1
BRDA:716,0,1,30158
BRDA:726,0,0,27063
BRDA:726,0,1,3095
BRDA:726,1,2,27134
BRDA:726,1,3,4294967225
BRDA:732,0,0,221
BRDA:732,0,1,2686
BRDA:732,1,2,221
BRDA:732,1,3,0
BRDA:736,0,0,221
BRDA:736,0,1,0
BRDA:744,0,0,0
BRDA:744,0,1,2686
BRDA:750,0,0,0
BRDA:750,0,1,2686
BRDA:756,0,0,0
BRDA:756,0,1,2686
BRDA:756,1,2,-
BRDA:756,1,3,-
BRDA:766,0,0,0
BRDA:766,0,1,2686
BRF:192
BRH:145
LF:406
LH:321
end_of_record
SF:/Users/par/Documents/src/AuraIO/src/adaptive_buffer.h
FNF:0
FNH:0
DA:20,55686
DA:23,44206
DA:28,1120
DA:31,30691
DA:34,8506
DA:37,140
DA:40,280
BRF:0
BRH:0
LF:0
LH:0
end_of_record
SF:/Users/par/Documents/src/AuraIO/src/adaptive_engine.c
FN:51,adaptive_hist_reset
FN:59,adaptive_hist_record
FN:71,adaptive_hist_p99
FN:105,adaptive_hist_pair_init
FN:110,adaptive_hist_active
FN:115,adaptive_hist_swap
FN:131,adaptive_init
FN:157,adaptive_destroy
FN:166,adaptive_record_completion
FN:173,adaptive_record_submit
FN:182,adaptive_phase_name
FN:205,adaptive_tick
FN:25,adaptive_engine.c:window_add
FN:36,adaptive_engine.c:window_min
FNDA:4257,adaptive_hist_reset
FNDA:2244829,adaptive_hist_record
FNDA:4258,adaptive_hist_p99
FNDA:625,adaptive_hist_pair_init
FNDA:2278800,adaptive_hist_active
FNDA:4356,adaptive_hist_swap
FNDA:626,adaptive_init
FNDA:623,adaptive_destroy
FNDA:2242789,adaptive_record_completion
FNDA:2245144,adaptive_record_submit
FNDA:15,adaptive_phase_name
FNDA:5771,adaptive_tick
FNDA:12762,adaptive_engine.c:window_add
FNDA:4254,adaptive_engine.c:window_min
FNF:14
FNH:14
DA:25,12762
DA:26,12762
DA:27,12762
DA:28,12762
DA:29,1122
DA:30,1122
DA:31,12762
DA:36,4254
DA:37,4254
DA:38,4254
DA:39,197369
DA:40,193115
DA:41,4884
DA:42,4884
DA:43,193115
DA:44,4254
DA:45,4254
DA:51,4257
DA:52,855657
DA:53,851400
DA:54,851400
DA:55,4257
DA:56,4257
DA:57,4257
DA:59,2244829
DA:60,2244829
DA:62,2244829
DA:63,2244829
DA:64,114
DA:65,2244715
DA:66,2244715
DA:67,2244715
DA:68,2244829
DA:69,2244829
DA:71,4258
DA:72,4258
DA:73,4258
DA:74,1
DA:75,1
DA:78,4257
DA:79,4257
DA:82,4257
DA:83,4257
DA:85,2
DA:86,2
DA:88,831447
DA:89,831447
DA:90,831447
DA:92,4255
DA:93,4255
DA:94,4255
DA:95,831447
DA:98,0
DA:99,4255
DA:105,625
DA:106,625
DA:107,625
DA:108,625
DA:110,2278800
DA:111,2278800
DA:112,2278800
DA:113,2278800
DA:115,4356
DA:117,4356
DA:121,4356
DA:124,4356
DA:125,4356
DA:131,626
DA:132,626
DA:133,3
DA:134,3
DA:136,623
DA:138,623
DA:139,623
DA:140,623
DA:141,623
DA:143,623
DA:144,623
DA:145,623
DA:146,623
DA:147,623
DA:148,623
DA:149,623
DA:152,623
DA:154,623
DA:155,626
DA:157,623
DA:159,623
DA:160,623
DA:166,2242789
DA:167,2242789
DA:168,2242789
DA:169,2242789
DA:170,2242789
DA:171,2242789
DA:173,2245144
DA:174,2245144
DA:175,2245144
DA:176,2245144
DA:182,15
DA:183,15
DA:184,2
DA:185,2
DA:186,2
DA:187,2
DA:188,2
DA:189,2
DA:190,2
DA:191,2
DA:192,2
DA:193,2
DA:194,2
DA:195,2
DA:196,3
DA:197,3
DA:198,15
DA:199,15
DA:205,5771
DA:206,5771
DA:207,5771
DA:208,5771
DA:209,5771
DA:210,5771
DA:219,5771
DA:220,5771
DA:221,5771
DA:222,5771
DA:223,5771
DA:226,5771
DA:227,1517
DA:228,1517
DA:232,4254
DA:236,4254
DA:239,4254
DA:240,4254
DA:241,4254
DA:242,4254
DA:245,4254
DA:246,4254
DA:247,4254
DA:248,4254
DA:249,4240
DA:250,4240
DA:255,4254
DA:256,4254
DA:257,4254
DA:258,4254
DA:261,4254
DA:262,4254
DA:263,4254
DA:264,4254
DA:265,4254
DA:266,4254
DA:267,4254
DA:268,4254
DA:271,4254
DA:272,4254
DA:273,4254
DA:276,4254
DA:277,4254
DA:278,0
DA:279,4254
DA:280,4253
DA:281,4253
DA:282,1
DA:283,1
DA:284,4254
DA:287,4254
DA:288,4254
DA:289,4254
DA:290,4240
DA:291,4240
DA:292,774
DA:293,774
DA:294,774
DA:295,774
DA:296,3466
DA:297,3466
DA:298,30
DA:299,30
DA:300,30
DA:301,30
DA:302,30
DA:303,4240
DA:311,4254
DA:312,4254
DA:313,4254
DA:314,4252
DA:315,173
DA:316,173
DA:317,4252
DA:320,4254
DA:321,4254
DA:324,4254
DA:325,4254
DA:326,109
DA:327,109
DA:328,109
DA:329,109
DA:330,109
DA:331,109
DA:335,4254
DA:336,4254
DA:338,4254
DA:339,132
DA:341,132
DA:342,132
DA:343,13
DA:344,13
DA:345,13
DA:346,13
DA:347,132
DA:349,46
DA:351,46
DA:352,8
DA:353,8
DA:355,0
DA:356,0
DA:357,0
DA:358,38
DA:359,38
DA:362,38
DA:364,1
DA:365,1
DA:366,1
DA:367,1
DA:368,1
DA:369,1
DA:370,1
DA:371,37
DA:373,37
DA:374,37
DA:376,12
DA:377,12
DA:378,12
DA:379,12
DA:380,37
DA:381,38
DA:382,46
DA:384,1200
DA:386,1200
DA:387,1200
DA:388,120
DA:389,120
DA:390,120
DA:391,1200
DA:393,2768
DA:395,2768
DA:398,2768
DA:399,109
DA:400,109
DA:401,109
DA:403,2659
DA:404,0
DA:405,0
DA:406,2768
DA:408,108
DA:410,108
DA:411,108
DA:412,0
DA:413,0
DA:414,108
DA:415,108
DA:416,108
DA:417,108
DA:418,108
DA:419,108
DA:420,108
DA:422,0
DA:424,0
DA:425,4254
DA:435,4254
DA:440,4254
DA:442,4254
DA:443,4254
BRDA:28,0,0,1122
BRDA:28,0,1,11640
BRDA:37,0,0,0
BRDA:37,0,1,4254
BRDA:39,0,0,193115
BRDA:39,0,1,4254
BRDA:40,0,0,4884
BRDA:40,0,1,188231
BRDA:52,0,0,851400
BRDA:52,0,1,4257
BRDA:60,0,0,0
BRDA:60,0,1,2244829
BRDA:63,0,0,114
BRDA:63,0,1,2244715
BRDA:73,0,0,1
BRDA:73,0,1,4257
BRDA:79,0,0,31
BRDA:79,0,1,4226
BRDA:83,0,0,2
BRDA:83,0,1,4255
BRDA:88,0,0,831447
BRDA:88,0,1,0
BRDA:90,0,0,4255
BRDA:90,0,1,827192
BRDA:132,0,0,1
BRDA:132,0,1,625
BRDA:132,1,2,1
BRDA:132,1,3,624
BRDA:132,2,4,1
BRDA:132,2,5,623
BRDA:184,0,0,2
BRDA:184,0,1,13
BRDA:186,0,0,2
BRDA:186,0,1,13
BRDA:188,0,0,2
BRDA:188,0,1,13
BRDA:190,0,0,2
BRDA:190,0,1,13
BRDA:192,0,0,2
BRDA:192,0,1,13
BRDA:194,0,0,2
BRDA:194,0,1,13
BRDA:196,0,0,3
BRDA:196,0,1,12
BRDA:226,0,0,1519
BRDA:226,0,1,4252
BRDA:226,1,2,1517
BRDA:226,1,3,2
BRDA:226,2,4,1517
BRDA:226,2,5,0
BRDA:242,0,0,4254
BRDA:242,0,1,0
BRDA:248,0,0,4240
BRDA:248,0,1,14
BRDA:256,0,0,4254
BRDA:256,0,1,0
BRDA:261,0,0,4254
BRDA:261,0,1,0
BRDA:271,0,0,4254
BRDA:271,0,1,0
BRDA:277,0,0,0
BRDA:277,0,1,4254
BRDA:279,0,0,4253
BRDA:279,0,1,1
BRDA:289,0,0,4240
BRDA:289,0,1,14
BRDA:290,0,0,1077
BRDA:290,0,1,3163
BRDA:291,0,0,774
BRDA:291,0,1,303
BRDA:296,0,0,30
BRDA:296,0,1,3436
BRDA:297,0,0,30
BRDA:297,0,1,0
BRDA:312,0,0,4252
BRDA:312,0,1,2
BRDA:312,1,2,4252
BRDA:312,1,3,0
BRDA:313,0,0,4252
BRDA:313,0,1,2
BRDA:314,0,0,173
BRDA:314,0,1,4079
BRDA:325,0,0,4238
BRDA:325,0,1,16
BRDA:325,1,2,109
BRDA:325,1,3,4129
BRDA:328,0,0,109
BRDA:328,0,1,0
BRDA:338,0,0,4254
BRDA:338,0,1,0
BRDA:339,0,0,132
BRDA:339,0,1,4122
BRDA:342,0,0,13
BRDA:342,0,1,119
BRDA:349,0,0,46
BRDA:349,0,1,4208
BRDA:351,0,0,8
BRDA:351,0,1,38
BRDA:353,0,0,0
BRDA:353,0,1,8
BRDA:362,0,0,1
BRDA:362,0,1,37
BRDA:364,0,0,1
BRDA:364,0,1,0
BRDA:374,0,0,12
BRDA:374,0,1,25
BRDA:384,0,0,1200
BRDA:384,0,1,3054
BRDA:387,0,0,120
BRDA:387,0,1,1080
BRDA:393,0,0,2768
BRDA:393,0,1,1486
BRDA:398,0,0,109
BRDA:398,0,1,2659
BRDA:403,0,0,0
BRDA:403,0,1,2659
BRDA:408,0,0,108
BRDA:408,0,1,4146
BRDA:411,0,0,0
BRDA:411,0,1,108
BRDA:422,0,0,0
BRDA:422,0,1,4254
BRF:122
BRH:104
LF:269
LH:258
end_of_record
SF:/Users/par/Documents/src/AuraIO/src/adaptive_engine.h
FN:306,test_engine.c:adaptive_get_inflight_limit
FN:316,test_engine.c:adaptive_get_batch_threshold
FN:306,adaptive_engine.c:adaptive_get_inflight_limit
FN:316,adaptive_engine.c:adaptive_get_batch_threshold
FN:306,test_ring.c:adaptive_get_inflight_limit
FN:316,test_ring.c:adaptive_get_batch_threshold
FN:306,auraio.c:adaptive_get_inflight_limit
FN:316,auraio.c:adaptive_get_batch_threshold
FN:306,adaptive_ring.c:adaptive_get_inflight_limit
FN:316,adaptive_ring.c:adaptive_get_batch_threshold
FN:306,test_coverage.c:adaptive_get_inflight_limit
FN:316,test_coverage.c:adaptive_get_batch_threshold
FNDA:1,test_engine.c:adaptive_get_inflight_limit
FNDA:1,test_engine.c:adaptive_get_batch_threshold
FNDA:0,adaptive_engine.c:adaptive_get_inflight_limit
FNDA:0,adaptive_engine.c:adaptive_get_batch_threshold
FNDA:1,test_ring.c:adaptive_get_inflight_limit
FNDA:1,test_ring.c:adaptive_get_batch_threshold
FNDA:15242769,auraio.c:adaptive_get_inflight_limit
FNDA:0,auraio.c:adaptive_get_batch_threshold
FNDA:15895653,adaptive_ring.c:adaptive_get_inflight_limit
FNDA:17317633,adaptive_ring.c:adaptive_get_batch_threshold
FNDA:1,test_coverage.c:adaptive_get_inflight_limit
FNDA:1,test_coverage.c:adaptive_get_batch_threshold
FNF:2
FNH:2
DA:63,143
DA:67,4254
DA:71,4254
DA:75,4254
DA:79,1
DA:83,108
DA:87,38
DA:91,4253
DA:99,14321
DA:103,5772
DA:107,5771
DA:111,653
DA:115,11946
DA:119,1077
DA:129,1
DA:133,1200
DA:137,2659
DA:149,5371331
DA:154,3122249
DA:157,3104741
DA:306,31138425
DA:316,17317636
BRF:0
BRH:0
LF:2
LH:2
end_of_record
SF:/Users/par/Documents/src/AuraIO/src/adaptive_ring.c
FN:28,ring_init
FN:157,ring_in_callback_context
FN:161,ring_destroy
FN:216,ring_get_request
FN:246,ring_put_request
FN:272,ring_submit_read
FN:305,ring_submit_write
FN:338,ring_submit_readv
FN:367,ring_submit_writev
FN:396,ring_submit_fsync
FN:424,ring_submit_fdatasync
FN:453,ring_submit_cancel
FN:480,ring_submit_read_fixed
FN:512,ring_submit_write_fixed
FN:545,ring_flush
FN:640,ring_poll
FN:688,ring_wait
FN:824,ring_can_submit
FN:833,ring_should_flush
FN:842,ring_get_fd
FN:266,adaptive_ring.c:sqe_apply_fixed_file
FN:574,adaptive_ring.c:process_completion
FNDA:613,ring_init
FNDA:16,ring_in_callback_context
FNDA:612,ring_destroy
FNDA:14856191,ring_get_request
FNDA:17257167,ring_put_request
FNDA:112078,ring_submit_read
FNDA:14627444,ring_submit_write
FNDA:18,ring_submit_readv
FNDA:8,ring_submit_writev
FNDA:8,ring_submit_fsync
FNDA:6,ring_submit_fdatasync
FNDA:4,ring_submit_cancel
FNDA:8,ring_submit_read_fixed
FNDA:4,ring_submit_write_fixed
FNDA:3700410,ring_flush
FNDA:2784334,ring_poll
FNDA:638,ring_wait
FNDA:15848221,ring_can_submit
FNDA:17196824,ring_should_flush
FNDA:2,ring_get_fd
FNDA:15765643,adaptive_ring.c:sqe_apply_fixed_file
FNDA:17690849,adaptive_ring.c:process_completion
FNF:22
FNH:22
DA:28,613
DA:29,613
DA:30,2
DA:31,2
DA:32,2
DA:34,611
DA:35,611
DA:36,611
DA:39,611
DA:40,0
DA:41,0
DA:42,611
DA:43,0
DA:44,0
DA:45,0
DA:60,611
DA:61,611
DA:63,611
DA:64,611
DA:65,611
DA:67,611
DA:68,611
DA:69,13
DA:70,13
DA:71,13
DA:72,13
DA:73,0
DA:74,0
DA:75,13
DA:77,611
DA:82,611
DA:83,13
DA:84,13
DA:85,13
DA:86,13
DA:87,13
DA:88,13
DA:89,0
DA:90,0
DA:91,13
DA:92,13
DA:93,13
DA:96,13
DA:97,0
DA:98,0
DA:99,0
DA:100,0
DA:101,598
DA:102,598
DA:103,598
DA:105,611
DA:106,0
DA:107,0
DA:108,0
DA:109,611
DA:112,611
DA:113,611
DA:114,0
DA:115,0
DA:117,611
DA:118,611
DA:119,0
DA:120,0
DA:123,125003
DA:124,124392
DA:125,124392
DA:126,124392
DA:127,124392
DA:128,124392
DA:129,124392
DA:130,611
DA:131,611
DA:134,611
DA:135,611
DA:136,611
DA:138,611
DA:139,0
DA:140,0
DA:142,611
DA:144,0
DA:145,0
DA:146,0
DA:147,0
DA:148,0
DA:149,0
DA:150,0
DA:151,0
DA:152,0
DA:153,0
DA:154,0
DA:155,0
DA:157,16
DA:158,16
DA:159,16
DA:161,612
DA:162,612
DA:163,1
DA:164,1
DA:169,611
DA:170,611
DA:171,611
DA:178,611
DA:179,612
DA:180,612
DA:182,1
DA:183,1
DA:184,1
DA:185,1
DA:186,1
DA:187,1
DA:189,611
DA:190,0
DA:191,0
DA:192,0
DA:194,611
DA:196,611
DA:197,611
DA:199,611
DA:200,611
DA:202,611
DA:203,611
DA:204,611
DA:205,611
DA:208,611
DA:209,611
DA:210,611
DA:216,14856191
DA:217,14856391
DA:218,1
DA:219,1
DA:221,14856190
DA:222,14856190
DA:228,14856190
DA:229,14856190
DA:230,14856190
DA:231,14856190
DA:232,14856190
DA:233,14856190
DA:234,14856190
DA:235,14856190
DA:236,14856190
DA:237,14856190
DA:239,14856190
DA:240,14459120
DA:241,14459120
DA:243,14856190
DA:244,14856191
DA:246,17257167
DA:247,17283223
DA:248,2
DA:249,2
DA:252,17257165
DA:253,0
DA:254,0
DA:255,0
DA:256,0
DA:257,0
DA:259,17257165
DA:260,17257165
DA:266,15765643
DA:267,15765643
DA:268,2
DA:269,2
DA:270,15765643
DA:272,112078
DA:273,112655
DA:274,2
DA:275,2
DA:276,2
DA:277,112076
DA:278,1
DA:279,1
DA:280,1
DA:282,112075
DA:283,112075
DA:284,0
DA:285,0
DA:286,0
DA:288,112075
DA:289,112075
DA:290,112075
DA:292,112075
DA:293,112075
DA:294,112075
DA:295,112075
DA:296,112075
DA:298,112075
DA:299,112075
DA:300,112075
DA:302,112075
DA:303,112075
DA:305,14627444
DA:306,14731181
DA:307,2
DA:308,2
DA:309,2
DA:310,14627442
DA:311,1
DA:312,1
DA:313,1
DA:315,14627441
DA:316,14627441
DA:317,0
DA:318,0
DA:319,0
DA:321,14627441
DA:322,14627441
DA:323,14627441
DA:325,14627441
DA:326,14627441
DA:327,14627441
DA:328,14627441
DA:329,14627441
DA:331,14627441
DA:332,14627441
DA:333,14627441
DA:335,14627441
DA:336,14627441
DA:338,18
DA:339,18
DA:340,5
DA:341,5
DA:342,5
DA:344,13
DA:345,13
DA:346,0
DA:347,0
DA:348,0
DA:350,13
DA:351,13
DA:352,13
DA:354,13
DA:355,13
DA:356,13
DA:357,13
DA:358,13
DA:360,13
DA:361,13
DA:362,13
DA:364,13
DA:365,13
DA:367,8
DA:368,8
DA:369,5
DA:370,5
DA:371,5
DA:373,3
DA:374,3
DA:375,0
DA:376,0
DA:377,0
DA:379,3
DA:380,3
DA:381,3
DA:383,3
DA:384,3
DA:385,3
DA:386,3
DA:387,3
DA:389,3
DA:390,3
DA:391,3
DA:393,3
DA:394,3
DA:396,8
DA:397,8
DA:398,2
DA:399,2
DA:400,2
DA:402,6
DA:403,6
DA:404,0
DA:405,0
DA:406,0
DA:408,6
DA:409,6
DA:410,6
DA:412,6
DA:413,6
DA:414,6
DA:415,6
DA:416,6
DA:418,6
DA:419,6
DA:421,6
DA:422,6
DA:424,6
DA:425,6
DA:426,2
DA:427,2
DA:428,2
DA:430,4
DA:431,4
DA:432,0
DA:433,0
DA:434,0
DA:437,4
DA:438,4
DA:439,4
DA:441,4
DA:442,4
DA:443,4
DA:444,4
DA:445,4
DA:447,4
DA:448,4
DA:450,4
DA:451,4
DA:453,4
DA:454,4
DA:455,3
DA:456,3
DA:457,3
DA:459,1
DA:460,1
DA:461,0
DA:462,0
DA:463,0
DA:466,1
DA:467,1
DA:469,1
DA:470,1
DA:471,1
DA:472,1
DA:474,1
DA:475,1
DA:477,1
DA:478,1
DA:480,8
DA:481,8
DA:482,2
DA:483,2
DA:484,2
DA:486,6
DA:487,6
DA:488,0
DA:489,0
DA:490,0
DA:495,6
DA:496,6
DA:497,6
DA:499,6
DA:500,6
DA:501,6
DA:502,6
DA:503,6
DA:505,6
DA:506,6
DA:507,6
DA:509,6
DA:510,6
DA:512,4
DA:513,4
DA:514,2
DA:515,2
DA:516,2
DA:518,2
DA:519,2
DA:520,0
DA:521,0
DA:522,0
DA:524,2
DA:525,2
DA:526,2
DA:528,2
DA:529,2
DA:530,2
DA:531,2
DA:532,2
DA:534,2
DA:535,2
DA:536,2
DA:538,2
DA:539,2
DA:545,3700410
DA:546,3700410
DA:547,1511257
DA:548,1511257
DA:550,2189153
DA:551,2189153
DA:552,0
DA:553,0
DA:554,0
DA:558,2189153
DA:559,2189153
DA:561,2189153
DA:562,2189153
DA:574,17690849
DA:575,17690849
DA:576,0
DA:577,0
DA:582,17690849
DA:583,17690849
DA:584,17690849
DA:590,17690849
DA:591,2241450
DA:592,2241450
DA:593,2241450
DA:594,2241450
DA:595,2241450
DA:600,17690849
DA:607,17690849
DA:608,17435427
DA:609,17435427
DA:610,17435427
DA:611,17435427
DA:613,17690849
DA:614,8
DA:615,8
DA:622,17690849
DA:625,17690849
DA:626,17638723
DA:627,17639433
DA:628,17639433
DA:629,17639433
DA:630,17638723
DA:631,17690849
DA:632,17690849
DA:633,17690849
DA:634,17690849
DA:638,21801547
DA:640,2784334
DA:641,2784363
DA:642,1
DA:643,1
DA:645,2784333
DA:652,2784333
DA:653,2784333
DA:654,2784333
DA:655,2784333
DA:657,4183489
DA:658,4183489
DA:660,4183489
DA:661,21800179
DA:662,21665562
DA:663,21665562
DA:664,4048872
DA:665,4048872
DA:666,17616690
DA:667,17616690
DA:668,17616690
DA:669,17616690
DA:670,17616690
DA:671,17616690
DA:672,4183489
DA:674,4183489
DA:675,2786011
DA:676,2786011
DA:679,19087261
DA:680,17689783
DA:681,17689783
DA:682,1397478
DA:683,1397478
DA:685,2784333
DA:686,2784334
DA:688,638
DA:689,638
DA:690,1
DA:691,1
DA:692,1
DA:694,637
DA:695,62
DA:696,62
DA:701,575
DA:702,575
DA:703,575
DA:704,575
DA:705,575
DA:707,575
DA:709,1
DA:710,1
DA:711,2
DA:712,2
DA:713,2
DA:714,1
DA:715,1
DA:716,1
DA:717,1
DA:718,1
DA:719,1
DA:720,1
DA:721,1
DA:722,1
DA:724,2
DA:725,1
DA:726,1
DA:727,1
DA:728,574
DA:732,574
DA:733,574
DA:735,574
DA:736,574
DA:738,20
DA:739,20
DA:740,20
DA:741,20
DA:742,20
DA:743,143
DA:744,143
DA:745,20
DA:746,20
DA:747,123
DA:748,123
DA:749,123
DA:750,123
DA:751,123
DA:752,123
DA:753,20
DA:755,163
DA:756,143
DA:757,143
DA:758,20
DA:759,554
DA:766,554
DA:767,554
DA:769,554
DA:770,0
DA:771,554
DA:772,554
DA:773,554
DA:774,554
DA:775,554
DA:776,554
DA:778,554
DA:779,333
DA:780,333
DA:781,333
DA:782,0
DA:786,0
DA:787,0
DA:788,0
DA:789,0
DA:790,0
DA:791,0
DA:796,221
DA:797,221
DA:798,1223
DA:799,1223
DA:800,221
DA:801,221
DA:802,1002
DA:803,1002
DA:804,1002
DA:805,1002
DA:806,1002
DA:807,1002
DA:808,221
DA:810,1223
DA:811,1002
DA:812,1002
DA:813,221
DA:814,221
DA:815,574
DA:817,242
DA:818,575
DA:824,15848221
DA:825,15848221
DA:826,1
DA:827,1
DA:829,15848220
DA:830,15848220
DA:831,15848221
DA:833,17196824
DA:834,17196824
DA:835,1
DA:836,1
DA:838,17196823
DA:839,17196823
DA:840,17196824
DA:842,2
DA:843,2
DA:844,1
DA:845,1
DA:846,1
DA:847,2
BRDA:29,0,0,1
BRDA:29,0,1,612
BRDA:29,1,2,1
BRDA:29,1,3,611
BRDA:39,0,0,0
BRDA:39,0,1,611
BRDA:42,0,0,0
BRDA:42,0,1,611
BRDA:67,0,0,581
BRDA:67,0,1,30
BRDA:67,1,2,13
BRDA:67,1,3,568
BRDA:68,0,0,13
BRDA:68,0,1,598
BRDA:70,0,0,13
BRDA:70,0,1,0
BRDA:82,0,0,13
BRDA:82,0,1,598
BRDA:84,0,0,13
BRDA:84,0,1,0
BRDA:86,0,0,13
BRDA:86,0,1,0
BRDA:93,0,0,13
BRDA:93,0,1,0
BRDA:93,1,2,13
BRDA:93,1,3,0
BRDA:96,0,0,0
BRDA:96,0,1,13
BRDA:96,1,2,-
BRDA:96,1,3,-
BRDA:105,0,0,0
BRDA:105,0,1,611
BRDA:113,0,0,0
BRDA:113,0,1,611
BRDA:118,0,0,0
BRDA:118,0,1,611
BRDA:123,0,0,124392
BRDA:123,0,1,611
BRDA:135,0,0,2
BRDA:135,0,1,609
BRDA:136,0,0,0
BRDA:136,0,1,611
BRDA:138,0,0,0
BRDA:138,0,1,611
BRDA:162,0,0,1
BRDA:162,0,1,611
BRDA:179,0,0,1
BRDA:179,0,1,611
BRDA:180,0,0,1
BRDA:180,0,1,0
BRDA:189,0,0,0
BRDA:189,0,1,611
BRDA:202,0,0,611
BRDA:202,0,1,0
BRDA:217,0,0,4294967096
BRDA:217,0,1,14856391
BRDA:217,1,2,4294958479
BRDA:217,1,3,14865208
BRDA:239,0,0,14459120
BRDA:239,0,1,397070
BRDA:247,0,0,4294952486
BRDA:247,0,1,17271977
BRDA:247,1,2,4294961573
BRDA:247,1,3,17277700
BRDA:247,2,4,4294955105
BRDA:247,2,5,17295414
BRDA:252,0,0,0
BRDA:252,0,1,17257165
BRDA:267,0,0,2
BRDA:267,0,1,15765641
BRDA:273,0,0,4294966997
BRDA:273,0,1,112377
BRDA:273,1,2,4294967021
BRDA:273,1,3,112652
BRDA:273,2,4,4294967275
BRDA:273,2,5,112676
BRDA:277,0,0,1
BRDA:277,0,1,112075
BRDA:283,0,0,0
BRDA:283,0,1,112075
BRDA:294,0,0,15040
BRDA:294,0,1,97035
BRDA:306,0,0,4294863559
BRDA:306,0,1,14731181
BRDA:306,1,2,4294939332
BRDA:306,1,3,14759145
BRDA:306,2,4,4294839655
BRDA:306,2,5,14659756
BRDA:310,0,0,1
BRDA:310,0,1,14627441
BRDA:316,0,0,0
BRDA:316,0,1,14627441
BRDA:327,0,0,2201838
BRDA:327,0,1,12425603
BRDA:339,0,0,1
BRDA:339,0,1,17
BRDA:339,1,2,1
BRDA:339,1,3,16
BRDA:339,2,4,1
BRDA:339,2,5,15
BRDA:339,3,6,2
BRDA:339,3,7,13
BRDA:339,4,8,0
BRDA:339,4,9,13
BRDA:345,0,0,0
BRDA:345,0,1,13
BRDA:356,0,0,4
BRDA:356,0,1,9
BRDA:368,0,0,1
BRDA:368,0,1,7
BRDA:368,1,2,1
BRDA:368,1,3,6
BRDA:368,2,4,1
BRDA:368,2,5,5
BRDA:368,3,6,2
BRDA:368,3,7,3
BRDA:368,4,8,0
BRDA:368,4,9,3
BRDA:374,0,0,0
BRDA:374,0,1,3
BRDA:385,0,0,2
BRDA:385,0,1,1
BRDA:397,0,0,1
BRDA:397,0,1,7
BRDA:397,1,2,1
BRDA:397,1,3,6
BRDA:397,2,4,0
BRDA:397,2,5,6
BRDA:403,0,0,0
BRDA:403,0,1,6
BRDA:414,0,0,5
BRDA:414,0,1,1
BRDA:425,0,0,1
BRDA:425,0,1,5
BRDA:425,1,2,1
BRDA:425,1,3,4
BRDA:425,2,4,0
BRDA:425,2,5,4
BRDA:431,0,0,0
BRDA:431,0,1,4
BRDA:443,0,0,2
BRDA:443,0,1,2
BRDA:454,0,0,1
BRDA:454,0,1,3
BRDA:454,1,2,1
BRDA:454,1,3,2
BRDA:454,2,4,1
BRDA:454,2,5,1
BRDA:454,3,6,0
BRDA:454,3,7,1
BRDA:460,0,0,0
BRDA:460,0,1,1
BRDA:481,0,0,1
BRDA:481,0,1,7
BRDA:481,1,2,1
BRDA:481,1,3,6
BRDA:481,2,4,0
BRDA:481,2,5,6
BRDA:487,0,0,0
BRDA:487,0,1,6
BRDA:501,0,0,6
BRDA:501,0,1,0
BRDA:513,0,0,1
BRDA:513,0,1,3
BRDA:513,1,2,1
BRDA:513,1,3,2
BRDA:513,2,4,0
BRDA:513,2,5,2
BRDA:519,0,0,0
BRDA:519,0,1,2
BRDA:530,0,0,1
BRDA:530,0,1,1
BRDA:546,0,0,11605
BRDA:546,0,1,3688805
BRDA:546,1,2,4294966703
BRDA:546,1,3,3689398
BRDA:546,2,4,1498742
BRDA:546,2,5,2190749
BRDA:551,0,0,0
BRDA:551,0,1,2189153
BRDA:575,0,0,0
BRDA:575,0,1,17690849
BRDA:590,0,0,2241450
BRDA:590,0,1,15449399
BRDA:593,0,0,2239227
BRDA:593,0,1,2223
BRDA:607,0,0,17435427
BRDA:607,0,1,255422
BRDA:613,0,0,8
BRDA:613,0,1,17690841
BRDA:625,0,0,17638723
BRDA:625,0,1,52126
BRDA:627,0,0,17639433
BRDA:627,0,1,4294966586
BRDA:641,0,0,4294967267
BRDA:641,0,1,2784363
BRDA:641,1,2,36
BRDA:641,1,3,2784327
BRDA:657,0,0,4183489
BRDA:657,0,1,0
BRDA:661,0,0,21665562
BRDA:661,0,1,134617
BRDA:663,0,0,4048872
BRDA:663,0,1,17616690
BRDA:674,0,0,2786011
BRDA:674,0,1,1397478
BRDA:679,0,0,17689783
BRDA:679,0,1,1397478
BRDA:689,0,0,1
BRDA:689,0,1,637
BRDA:689,1,2,0
BRDA:689,1,3,637
BRDA:694,0,0,62
BRDA:694,0,1,575
BRDA:707,0,0,1
BRDA:707,0,1,574
BRDA:711,0,0,2
BRDA:711,0,1,0
BRDA:713,0,0,1
BRDA:713,0,1,1
BRDA:724,0,0,1
BRDA:724,0,1,1
BRDA:736,0,0,20
BRDA:736,0,1,554
BRDA:743,0,0,143
BRDA:743,0,1,0
BRDA:744,0,0,20
BRDA:744,0,1,123
BRDA:755,0,0,143
BRDA:755,0,1,20
BRDA:769,0,0,0
BRDA:769,0,1,554
BRDA:778,0,0,333
BRDA:778,0,1,221
BRDA:779,0,0,333
BRDA:779,0,1,0
BRDA:779,1,2,-
BRDA:779,1,3,-
BRDA:782,0,0,-
BRDA:782,0,1,-
BRDA:798,0,0,1223
BRDA:798,0,1,0
BRDA:799,0,0,221
BRDA:799,0,1,1002
BRDA:810,0,0,1002
BRDA:810,0,1,221
BRDA:825,0,0,1
BRDA:825,0,1,15848220
BRDA:834,0,0,1
BRDA:834,0,1,17196823
BRDA:843,0,0,1
BRDA:843,0,1,1
BRDA:843,1,2,0
BRDA:843,1,3,1
BRF:253
BRH:204
LF:571
LH:489
end_of_record
SF:/Users/par/Documents/src/AuraIO/src/adaptive_ring.h
FNF:0
FNH:0
DA:138,14739550
DA:139,14739550
BRF:0
BRH:0
LF:0
LH:0
end_of_record
SF:/Users/par/Documents/src/AuraIO/src/auraio.c
FN:504,auraio_options_init
FN:532,auraio_create
FN:536,auraio_create_with_options
FN:688,auraio_destroy
FN:741,auraio_read
FN:855,auraio_write
FN:969,auraio_fsync
FN:974,auraio_fsync_ex
FN:1030,auraio_readv
FN:1078,auraio_writev
FN:1129,auraio_cancel
FN:1203,auraio_request_pending
FN:1210,auraio_request_fd
FN:1218,auraio_request_user_data
FN:1231,auraio_get_poll_fd
FN:1243,auraio_poll
FN:1333,auraio_wait
FN:1428,auraio_run
FN:1462,auraio_stop
FN:1469,auraio_drain
FN:1532,auraio_buffer_alloc
FN:1541,auraio_buffer_free
FN:1554,auraio_register_buffers
FN:1609,auraio_request_unregister_buffers
FN:1628,auraio_unregister_buffers
FN:1664,auraio_register_files
FN:1719,auraio_update_file
FN:1772,auraio_request_unregister_files
FN:1791,auraio_unregister_files
FN:1827,auraio_version
FN:1831,auraio_version_int
FN:1835,auraio_get_stats
FN:1908,auraio_get_ring_count
FN:1913,auraio_get_ring_stats
FN:1947,auraio_get_histogram
FN:1973,auraio_get_buffer_stats
FN:1986,auraio_phase_name
FN:34,auraio.c:get_page_size
FN:110,auraio.c:get_cpu_count
FN:461,auraio.c:tick_thread_func
FN:283,auraio.c:resolve_registered_file_locked
FN:373,auraio.c:submit_begin
FN:274,auraio.c:check_fatal_submit_errno
FN:183,auraio.c:select_ring
FN:132,auraio.c:select_ring_cpu_local
FN:162,auraio.c:xorshift_tls
FN:450,auraio.c:submit_abort
FN:437,auraio.c:submit_end
FN:248,auraio.c:flush_error_is_fatal
FN:256,auraio.c:latch_fatal_submit_errno
FN:252,auraio.c:get_fatal_submit_errno
FN:349,auraio.c:maybe_finalize_deferred_unregistration
FN:306,auraio.c:finalize_deferred_unregistration
FN:298,auraio.c:fixed_buf_inflight_total
FNDA:130,auraio_options_init
FNDA:37,auraio_create
FNDA:127,auraio_create_with_options
FNDA:127,auraio_destroy
FNDA:175440,auraio_read
FNDA:17004812,auraio_write
FNDA:7,auraio_fsync
FNDA:10,auraio_fsync_ex
FNDA:19,auraio_readv
FNDA:6,auraio_writev
FNDA:4,auraio_cancel
FNDA:3,auraio_request_pending
FNDA:3,auraio_request_fd
FNDA:3,auraio_request_user_data
FNDA:4,auraio_get_poll_fd
FNDA:64326,auraio_poll
FNDA:116441,auraio_wait
FNDA:2,auraio_run
FNDA:132,auraio_stop
FNDA:140,auraio_drain
FNDA:3655,auraio_buffer_alloc
FNDA:3655,auraio_buffer_free
FNDA:16,auraio_register_buffers
FNDA:11,auraio_request_unregister_buffers
FNDA:8,auraio_unregister_buffers
FNDA:18,auraio_register_files
FNDA:10,auraio_update_file
FNDA:11,auraio_request_unregister_files
FNDA:8,auraio_unregister_files
FNDA:23,auraio_version
FNDA:2,auraio_version_int
FNDA:11514,auraio_get_stats
FNDA:28,auraio_get_ring_count
FNDA:17546,auraio_get_ring_stats
FNDA:17511,auraio_get_histogram
FNDA:8767,auraio_get_buffer_stats
FNDA:9,auraio_phase_name
FNDA:129,auraio.c:get_page_size
FNDA:38,auraio.c:get_cpu_count
FNDA:121,auraio.c:tick_thread_func
FNDA:17903308,auraio.c:resolve_registered_file_locked
FNDA:17897927,auraio.c:submit_begin
FNDA:17429362,auraio.c:check_fatal_submit_errno
FNDA:16807217,auraio.c:select_ring
FNDA:15188943,auraio.c:select_ring_cpu_local
FNDA:13368728,auraio.c:xorshift_tls
FNDA:0,auraio.c:submit_abort
FNDA:17522247,auraio.c:submit_end
FNDA:0,auraio.c:flush_error_is_fatal
FNDA:0,auraio.c:latch_fatal_submit_errno
FNDA:17089205,auraio.c:get_fatal_submit_errno
FNDA:312342,auraio.c:maybe_finalize_deferred_unregistration
FNDA:19,auraio.c:finalize_deferred_unregistration
FNDA:11,auraio.c:fixed_buf_inflight_total
FNF:54
FNH:51
DA:33,256
DA:34,129
DA:35,129
DA:36,129
DA:37,129
DA:38,256
DA:39,523
DA:47,165
DA:110,38
DA:111,38
DA:112,38
DA:113,38
DA:114,38
DA:115,38
DA:118,558645
DA:132,15188943
DA:133,15188943
DA:134,558645
DA:135,558645
DA:136,558645
DA:138,15231208
DA:139,15231208
DA:140,15231208
DA:145,18446744073709509351
DA:146,0
DA:147,0
DA:148,18446744073709509351
DA:149,15188943
DA:152,15675506
DA:153,15675506
DA:162,13368728
DA:163,13368728
DA:164,13368728
DA:165,12
DA:166,12
DA:167,12
DA:168,13368728
DA:169,13368728
DA:170,13368728
DA:171,13368728
DA:172,13368728
DA:173,13368728
DA:183,16807217
DA:184,16807217
DA:186,16807177
DA:187,44873
DA:188,44873
DA:189,44873
DA:190,0
DA:192,86165
DA:193,86165
DA:195,15675506
DA:196,15675506
DA:197,15675506
DA:198,15675506
DA:199,15675506
DA:202,15675506
DA:203,6938724
DA:209,8736782
DA:210,8736782
DA:214,8736782
DA:215,6170195
DA:216,6170195
DA:217,6170195
DA:218,6170195
DA:219,6170195
DA:220,6821261
DA:222,6821261
DA:223,6821261
DA:224,6821261
DA:225,6821261
DA:226,6821261
DA:227,18446744073708900550
DA:228,18446744073708900550
DA:229,18446744073708900550
DA:230,6170195
DA:231,6170195
DA:232,6170195
DA:233,8736782
DA:234,16807177
DA:235,16807177
DA:248,0
DA:249,0
DA:250,0
DA:252,17089205
DA:253,17089205
DA:254,17089205
DA:256,0
DA:257,0
DA:258,0
DA:259,0
DA:261,0
DA:262,0
DA:263,0
DA:264,0
DA:265,0
DA:267,0
DA:268,0
DA:269,0
DA:270,0
DA:271,0
DA:272,0
DA:274,17429362
DA:275,17429362
DA:276,17429362
DA:277,16837263
DA:278,16837263
DA:279,17429362
DA:280,592099
DA:281,17429362
DA:283,17903308
DA:284,17913841
DA:285,17913841
DA:286,17913841
DA:288,18446744073709541083
DA:289,2
DA:290,2
DA:291,2
DA:292,2
DA:293,2
DA:295,18446744073709541081
DA:296,18446744073709541083
DA:298,11
DA:299,11
DA:300,91
DA:301,80
DA:302,80
DA:303,11
DA:304,11
DA:306,19
DA:307,19
DA:308,0
DA:309,0
DA:310,0
DA:312,19
DA:314,19
DA:315,19
DA:316,72
DA:317,64
DA:318,64
DA:319,64
DA:320,64
DA:321,64
DA:323,8
DA:324,8
DA:325,8
DA:326,8
DA:327,8
DA:328,8
DA:330,19
DA:331,71
DA:332,63
DA:333,63
DA:334,63
DA:335,63
DA:336,63
DA:338,8
DA:339,8
DA:340,8
DA:341,8
DA:342,8
DA:343,8
DA:345,19
DA:346,19
DA:347,19
DA:349,312342
DA:350,312342
DA:352,312342
DA:353,312657
DA:354,312342
DA:356,312749
DA:357,312749
DA:358,312749
DA:360,18446744073709551209
DA:361,312342
DA:373,17897927
DA:374,17897927
DA:376,17897927
DA:377,0
DA:378,0
DA:380,17897927
DA:381,0
DA:382,0
DA:383,0
DA:385,17897927
DA:386,17897927
DA:388,17897927
DA:389,840580
DA:390,0
DA:391,0
DA:392,0
DA:393,0
DA:394,0
DA:395,0
DA:396,0
DA:397,0
DA:398,0
DA:399,0
DA:400,0
DA:401,0
DA:402,840580
DA:403,860972
DA:406,860972
DA:407,860972
DA:408,860972
DA:409,860972
DA:410,840580
DA:412,840580
DA:413,60867
DA:414,60867
DA:415,60867
DA:416,60867
DA:417,840580
DA:419,17837060
DA:420,17837060
DA:421,17837060
DA:422,0
DA:423,0
DA:424,0
DA:425,0
DA:427,17837060
DA:428,17837060
DA:429,17837060
DA:430,17837060
DA:431,17837060
DA:437,17522247
DA:438,17522247
DA:439,975367
DA:440,0
DA:441,0
DA:442,975367
DA:443,17522247
DA:444,17522247
DA:450,0
DA:451,0
DA:452,0
DA:453,0
DA:461,121
DA:462,121
DA:463,121
DA:466,121
DA:468,523
DA:470,523
DA:471,529
DA:472,6
DA:473,6
DA:474,6
DA:479,523
DA:481,0
DA:484,523
DA:485,6278
DA:486,5755
DA:487,5755
DA:488,5755
DA:489,5755
DA:490,523
DA:491,523
DA:492,523
DA:493,523
DA:494,523
DA:496,121
DA:497,121
DA:504,130
DA:505,130
DA:506,1
DA:507,1
DA:509,129
DA:510,129
DA:511,129
DA:512,129
DA:513,129
DA:514,129
DA:515,129
DA:516,129
DA:517,129
DA:520,129
DA:521,129
DA:524,129
DA:525,129
DA:532,37
DA:533,37
DA:534,37
DA:536,127
DA:538,127
DA:539,127
DA:540,37
DA:541,37
DA:542,37
DA:545,127
DA:546,0
DA:547,0
DA:548,0
DA:551,127
DA:552,0
DA:553,0
DA:554,0
DA:555,127
DA:556,127
DA:557,0
DA:558,0
DA:559,0
DA:560,127
DA:561,0
DA:562,0
DA:563,0
DA:565,127
DA:566,127
DA:567,0
DA:568,0
DA:571,127
DA:574,127
DA:575,127
DA:576,127
DA:577,127
DA:578,127
DA:582,127
DA:583,127
DA:584,127
DA:585,127
DA:586,127
DA:587,127
DA:588,127
DA:591,127
DA:592,127
DA:593,0
DA:594,0
DA:595,0
DA:596,0
DA:599,127
DA:600,0
DA:601,0
DA:604,127
DA:605,127
DA:606,127
DA:607,0
DA:608,0
DA:611,127
DA:612,127
DA:613,127
DA:616,707
DA:617,580
DA:619,0
DA:620,0
DA:621,0
DA:622,0
DA:623,0
DA:624,580
DA:627,580
DA:628,12
DA:629,12
DA:632,580
DA:633,0
DA:634,0
DA:635,0
DA:636,580
DA:637,580
DA:638,580
DA:639,580
DA:640,0
DA:641,0
DA:642,580
DA:647,127
DA:648,127
DA:649,0
DA:650,0
DA:653,707
DA:654,580
DA:655,580
DA:656,0
DA:657,0
DA:658,0
DA:659,580
DA:662,127
DA:663,121
DA:664,121
DA:665,0
DA:666,0
DA:667,0
DA:668,121
DA:670,127
DA:672,0
DA:673,0
DA:674,0
DA:675,0
DA:676,0
DA:677,0
DA:678,0
DA:679,0
DA:680,0
DA:681,0
DA:682,0
DA:683,0
DA:684,0
DA:685,0
DA:686,0
DA:688,127
DA:689,127
DA:690,0
DA:691,0
DA:694,127
DA:697,127
DA:698,121
DA:699,121
DA:702,127
DA:707,127
DA:710,127
DA:711,0
DA:712,0
DA:713,127
DA:714,0
DA:715,0
DA:718,127
DA:719,127
DA:720,127
DA:723,707
DA:724,580
DA:725,580
DA:726,127
DA:729,127
DA:731,127
DA:732,127
DA:733,127
DA:741,175440
DA:742,175440
DA:743,6
DA:744,6
DA:745,6
DA:747,175434
DA:748,173542
DA:749,2
DA:750,2
DA:751,2
DA:753,173540
DA:754,173540
DA:755,173540
DA:756,173540
DA:757,177138
DA:758,177138
DA:759,177138
DA:761,173540
DA:762,173540
DA:763,58156
DA:764,0
DA:765,0
DA:766,58156
DA:767,58156
DA:769,115384
DA:770,115384
DA:771,115384
DA:772,115384
DA:773,115384
DA:774,115384
DA:775,115384
DA:777,115384
DA:778,115384
DA:779,0
DA:780,0
DA:781,0
DA:782,0
DA:783,0
DA:784,0
DA:786,115384
DA:787,115384
DA:788,2
DA:789,2
DA:790,115384
DA:791,115384
DA:792,19
DA:793,19
DA:794,6
DA:795,6
DA:796,6
DA:797,6
DA:798,13
DA:799,2
DA:800,2
DA:801,2
DA:802,2
DA:803,11
DA:804,2
DA:805,2
DA:806,2
DA:807,2
DA:808,9
DA:810,9
DA:811,3
DA:812,3
DA:813,3
DA:814,3
DA:815,6
DA:816,6
DA:817,0
DA:818,0
DA:819,0
DA:821,6
DA:822,6
DA:824,6
DA:825,6
DA:826,6
DA:827,6
DA:828,6
DA:829,6
DA:830,6
DA:831,6
DA:833,6
DA:835,6
DA:836,6
DA:837,6
DA:838,6
DA:839,0
DA:840,0
DA:841,0
DA:842,0
DA:843,0
DA:845,6
DA:846,6
DA:847,6
DA:848,1873
DA:849,1873
DA:850,1873
DA:851,1873
DA:852,175434
DA:855,17004812
DA:856,17028269
DA:857,6
DA:858,6
DA:859,6
DA:861,17045356
DA:862,17045356
DA:863,1
DA:864,1
DA:865,1
DA:867,17045355
DA:868,17045355
DA:869,17045355
DA:870,17045355
DA:871,17483106
DA:872,17483106
DA:873,17483106
DA:875,17045355
DA:876,17045355
DA:877,2797
DA:878,0
DA:879,0
DA:880,2797
DA:881,2797
DA:883,17042558
DA:884,17042558
DA:885,17042558
DA:886,17042558
DA:887,17042558
DA:888,17042558
DA:889,17042558
DA:891,17042558
DA:892,17042558
DA:893,0
DA:894,0
DA:895,0
DA:896,0
DA:897,0
DA:898,0
DA:900,17042558
DA:901,17042558
DA:902,0
DA:903,0
DA:904,17042558
DA:905,18446744073709511066
DA:906,3
DA:907,3
DA:908,1
DA:909,1
DA:910,1
DA:911,1
DA:912,2
DA:913,0
DA:914,0
DA:915,0
DA:916,0
DA:917,2
DA:918,0
DA:919,0
DA:920,0
DA:921,0
DA:922,2
DA:924,2
DA:925,0
DA:926,0
DA:927,0
DA:928,0
DA:929,2
DA:930,2
DA:931,0
DA:932,0
DA:933,0
DA:935,2
DA:936,2
DA:938,2
DA:939,2
DA:940,2
DA:941,2
DA:942,2
DA:943,2
DA:944,2
DA:945,2
DA:947,2
DA:949,2
DA:950,2
DA:951,2
DA:952,2
DA:953,0
DA:954,0
DA:955,0
DA:956,0
DA:957,0
DA:959,2
DA:960,2
DA:961,2
DA:962,18446744073709511063
DA:963,18446744073709511063
DA:964,18446744073709511063
DA:965,18446744073709511063
DA:966,17004806
DA:969,7
DA:970,7
DA:971,7
DA:974,10
DA:975,10
DA:976,4
DA:977,4
DA:978,4
DA:980,6
DA:981,6
DA:982,6
DA:983,6
DA:984,6
DA:985,6
DA:986,6
DA:988,6
DA:989,6
DA:990,0
DA:991,0
DA:992,0
DA:993,0
DA:994,0
DA:996,6
DA:997,6
DA:998,6
DA:999,6
DA:1000,6
DA:1002,6
DA:1003,6
DA:1004,2
DA:1005,4
DA:1006,4
DA:1007,4
DA:1009,6
DA:1010,0
DA:1011,0
DA:1012,0
DA:1013,0
DA:1014,0
DA:1015,0
DA:1017,6
DA:1018,6
DA:1019,0
DA:1020,0
DA:1021,6
DA:1022,6
DA:1030,19
DA:1031,19
DA:1032,8
DA:1033,8
DA:1034,8
DA:1036,11
DA:1037,11
DA:1038,11
DA:1039,11
DA:1040,11
DA:1041,11
DA:1042,11
DA:1044,11
DA:1045,11
DA:1046,0
DA:1047,0
DA:1048,0
DA:1049,0
DA:1050,0
DA:1052,11
DA:1053,11
DA:1054,11
DA:1055,11
DA:1056,11
DA:1057,11
DA:1058,11
DA:1059,11
DA:1061,11
DA:1062,0
DA:1063,0
DA:1064,0
DA:1065,0
DA:1066,0
DA:1067,0
DA:1069,11
DA:1070,11
DA:1071,0
DA:1072,0
DA:1073,11
DA:1074,11
DA:1078,6
DA:1079,6
DA:1080,5
DA:1081,5
DA:1082,5
DA:1084,1
DA:1085,1
DA:1086,1
DA:1087,1
DA:1088,1
DA:1089,1
DA:1090,1
DA:1092,1
DA:1093,1
DA:1094,0
DA:1095,0
DA:1096,0
DA:1097,0
DA:1098,0
DA:1100,1
DA:1101,1
DA:1102,1
DA:1103,1
DA:1104,1
DA:1105,1
DA:1106,1
DA:1107,1
DA:1109,1
DA:1110,0
DA:1111,0
DA:1112,0
DA:1113,0
DA:1114,0
DA:1115,0
DA:1117,1
DA:1118,1
DA:1119,0
DA:1120,0
DA:1121,1
DA:1122,1
DA:1129,4
DA:1130,4
DA:1131,4
DA:1132,4
DA:1133,4
DA:1135,0
DA:1136,0
DA:1137,0
DA:1138,0
DA:1141,0
DA:1142,0
DA:1143,0
DA:1144,0
DA:1147,0
DA:1148,0
DA:1149,0
DA:1150,0
DA:1152,0
DA:1153,0
DA:1156,0
DA:1157,0
DA:1158,0
DA:1159,0
DA:1160,0
DA:1163,0
DA:1164,0
DA:1165,0
DA:1166,0
DA:1167,0
DA:1168,0
DA:1169,0
DA:1173,0
DA:1174,0
DA:1175,0
DA:1176,0
DA:1177,0
DA:1178,0
DA:1179,0
DA:1180,0
DA:1183,0
DA:1184,0
DA:1185,0
DA:1186,0
DA:1187,0
DA:1188,0
DA:1189,0
DA:1190,0
DA:1191,0
DA:1192,0
DA:1194,0
DA:1195,0
DA:1196,0
DA:1203,3
DA:1204,3
DA:1205,2
DA:1206,2
DA:1207,1
DA:1208,3
DA:1210,3
DA:1211,3
DA:1212,2
DA:1213,2
DA:1214,2
DA:1215,1
DA:1216,3
DA:1218,3
DA:1219,3
DA:1220,2
DA:1221,2
DA:1222,2
DA:1223,1
DA:1224,3
DA:1231,4
DA:1232,4
DA:1233,2
DA:1234,2
DA:1235,2
DA:1240,2
DA:1241,4
DA:1243,64326
DA:1244,64326
DA:1245,0
DA:1246,0
DA:1248,64326
DA:1250,64326
DA:1251,0
DA:1252,0
DA:1259,64326
DA:1260,64326
DA:1262,55246
DA:1264,64326
DA:1265,64326
DA:1270,573688
DA:1271,509362
DA:1273,509362
DA:1275,488564
DA:1276,0
DA:1277,0
DA:1278,0
DA:1279,0
DA:1280,0
DA:1281,0
DA:1282,0
DA:1283,488564
DA:1285,488564
DA:1287,488564
DA:1288,21184
DA:1289,21184
DA:1290,488564
DA:1292,20798
DA:1293,20798
DA:1294,509362
DA:1298,64326
DA:1299,69426
DA:1300,61619
DA:1302,61619
DA:1303,61619
DA:1304,0
DA:1305,0
DA:1306,0
DA:1307,0
DA:1308,0
DA:1309,0
DA:1310,0
DA:1311,61619
DA:1313,61619
DA:1315,61619
DA:1316,3745
DA:1317,3745
DA:1318,61619
DA:1319,7807
DA:1321,64326
DA:1322,0
DA:1323,0
DA:1325,64326
DA:1326,0
DA:1327,0
DA:1328,0
DA:1330,64326
DA:1331,64326
DA:1333,116441
DA:1334,116441
DA:1335,1
DA:1336,1
DA:1337,1
DA:1339,116441
DA:1341,116440
DA:1342,0
DA:1343,0
DA:1350,116440
DA:1351,116440
DA:1353,49081
DA:1359,116440
DA:1360,116440
DA:1361,1496687
DA:1362,1380247
DA:1363,1380247
DA:1364,1380247
DA:1365,0
DA:1366,0
DA:1367,0
DA:1368,0
DA:1369,0
DA:1370,0
DA:1371,0
DA:1372,1380247
DA:1373,1380247
DA:1375,1380247
DA:1376,1380247
DA:1377,503129
DA:1378,503129
DA:1379,1380247
DA:1380,67417
DA:1381,67417
DA:1382,1380247
DA:1383,116440
DA:1384,66829
DA:1385,0
DA:1386,0
DA:1387,66829
DA:1388,66829
DA:1390,49611
DA:1391,0
DA:1392,0
DA:1393,0
DA:1397,49611
DA:1398,49023
DA:1399,49023
DA:1401,588
DA:1402,588
DA:1403,588
DA:1405,1420
DA:1406,1209
DA:1407,998
DA:1408,998
DA:1409,155
DA:1410,155
DA:1411,998
DA:1412,211
DA:1413,0
DA:1414,0
DA:1415,211
DA:1416,211
DA:1417,377
DA:1418,0
DA:1419,0
DA:1420,377
DA:1422,377
DA:1423,0
DA:1424,0
DA:1425,377
DA:1426,377
DA:1428,2
DA:1429,2
DA:1430,0
DA:1431,0
DA:1433,2
DA:1434,2
DA:1436,1387
DA:1437,1387
DA:1438,1387
DA:1439,0
DA:1440,0
DA:1444,1387
DA:1445,2802
DA:1446,1416
DA:1447,1
DA:1448,1
DA:1449,1
DA:1450,1416
DA:1454,1387
DA:1455,2
DA:1456,2
DA:1457,1387
DA:1459,2
DA:1460,2
DA:1462,132
DA:1463,132
DA:1464,0
DA:1465,0
DA:1466,132
DA:1467,132
DA:1469,140
DA:1470,140
DA:1471,2
DA:1472,2
DA:1473,2
DA:1475,138
DA:1476,138
DA:1477,9
DA:1478,9
DA:1480,138
DA:1481,145
DA:1482,145
DA:1483,0
DA:1484,0
DA:1486,145
DA:1487,770
DA:1488,633
DA:1489,633
DA:1490,633
DA:1491,8
DA:1492,633
DA:1493,633
DA:1494,633
DA:1495,145
DA:1496,137
DA:1497,0
DA:1498,0
DA:1499,137
DA:1500,137
DA:1503,8
DA:1504,8
DA:1505,1
DA:1506,7
DA:1508,1
DA:1509,1
DA:1510,6
DA:1511,6
DA:1512,6
DA:1513,0
DA:1514,0
DA:1515,0
DA:1516,6
DA:1517,6
DA:1518,6
DA:1519,6
DA:1521,7
DA:1522,7
DA:1523,7
DA:1524,7
DA:1525,138
DA:1532,3655
DA:1533,3655
DA:1534,3
DA:1535,3
DA:1536,3
DA:1538,3652
DA:1539,3655
DA:1541,3655
DA:1542,3655
DA:1543,3
DA:1544,3
DA:1546,3652
DA:1547,3652
DA:1554,16
DA:1555,16
DA:1556,5
DA:1557,5
DA:1558,5
DA:1560,11
DA:1562,11
DA:1563,2
DA:1564,2
DA:1565,2
DA:1566,2
DA:1569,9
DA:1570,9
DA:1571,0
DA:1572,0
DA:1573,0
DA:1574,9
DA:1575,9
DA:1578,73
DA:1579,65
DA:1580,65
DA:1582,65
DA:1583,65
DA:1584,1
DA:1586,1
DA:1587,0
DA:1588,0
DA:1589,0
DA:1590,0
DA:1591,0
DA:1592,1
DA:1593,1
DA:1594,1
DA:1595,1
DA:1596,1
DA:1597,1
DA:1598,1
DA:1600,64
DA:1601,64
DA:1603,8
DA:1604,8
DA:1605,8
DA:1606,8
DA:1607,9
DA:1609,11
DA:1610,11
DA:1611,1
DA:1612,1
DA:1613,1
DA:1615,10
DA:1617,10
DA:1618,2
DA:1619,2
DA:1620,2
DA:1622,8
DA:1623,8
DA:1625,8
DA:1626,10
DA:1628,8
DA:1629,8
DA:1630,0
DA:1631,0
DA:1632,0
DA:1634,8
DA:1636,1
DA:1637,1
DA:1639,7
DA:1640,0
DA:1641,0
DA:1643,7
DA:1644,7
DA:1645,7
DA:1646,7
DA:1647,7
DA:1648,7
DA:1649,7
DA:1650,7
DA:1652,0
DA:1653,0
DA:1654,0
DA:1655,0
DA:1656,0
DA:1657,7
DA:1664,18
DA:1665,18
DA:1666,8
DA:1667,8
DA:1668,8
DA:1670,10
DA:1672,10
DA:1673,2
DA:1674,2
DA:1675,2
DA:1676,2
DA:1679,8
DA:1680,8
DA:1681,0
DA:1682,0
DA:1683,0
DA:1684,8
DA:1685,8
DA:1688,71
DA:1689,63
DA:1690,63
DA:1692,63
DA:1693,63
DA:1694,0
DA:1696,0
DA:1697,0
DA:1698,0
DA:1699,0
DA:1700,0
DA:1701,0
DA:1702,0
DA:1703,0
DA:1704,0
DA:1705,0
DA:1706,0
DA:1707,0
DA:1708,0
DA:1710,63
DA:1711,63
DA:1713,8
DA:1714,8
DA:1715,8
DA:1716,8
DA:1717,8
DA:1719,10
DA:1720,10
DA:1721,3
DA:1722,3
DA:1723,3
DA:1725,7
DA:1727,7
DA:1728,3
DA:1729,3
DA:1730,3
DA:1731,3
DA:1733,4
DA:1734,2
DA:1735,2
DA:1736,2
DA:1737,2
DA:1743,2
DA:1744,26
DA:1745,24
DA:1746,24
DA:1748,24
DA:1749,24
DA:1750,0
DA:1752,0
DA:1753,0
DA:1754,0
DA:1755,0
DA:1756,0
DA:1757,0
DA:1758,0
DA:1759,0
DA:1760,0
DA:1761,0
DA:1763,24
DA:1764,24
DA:1767,2
DA:1768,2
DA:1769,2
DA:1770,2
DA:1772,11
DA:1773,11
DA:1774,1
DA:1775,1
DA:1776,1
DA:1778,10
DA:1780,10
DA:1781,2
DA:1782,2
DA:1783,2
DA:1785,8
DA:1786,8
DA:1788,8
DA:1789,10
DA:1791,8
DA:1792,8
DA:1793,0
DA:1794,0
DA:1795,0
DA:1797,8
DA:1799,0
DA:1800,0
DA:1802,8
DA:1803,0
DA:1804,0
DA:1806,8
DA:1807,8
DA:1808,8
DA:1809,8
DA:1810,8
DA:1811,8
DA:1812,8
DA:1813,8
DA:1815,0
DA:1816,0
DA:1817,0
DA:1818,0
DA:1819,0
DA:1820,8
DA:1827,23
DA:1828,23
DA:1829,23
DA:1831,2
DA:1832,2
DA:1833,2
DA:1835,11514
DA:1836,11514
DA:1837,5
DA:1838,5
DA:1840,11509
DA:1843,11509
DA:1844,11509
DA:1845,11509
DA:1846,11509
DA:1847,11509
DA:1849,149368
DA:1850,137859
DA:1854,137859
DA:1856,137859
DA:1857,137859
DA:1858,137859
DA:1861,137859
DA:1862,137859
DA:1863,137859
DA:1867,137859
DA:1868,137859
DA:1869,137859
DA:1870,137859
DA:1871,137859
DA:1872,26752
DA:1873,26752
DA:1875,137859
DA:1876,137859
DA:1878,11509
DA:1879,11509
DA:1881,11509
DA:1882,11509
DA:1883,11509
DA:1884,11509
DA:1885,11509
DA:1908,28
DA:1909,28
DA:1910,27
DA:1911,28
DA:1913,17546
DA:1914,17546
DA:1915,17544
DA:1916,3
DA:1917,3
DA:1918,3
DA:1920,17541
DA:1921,17541
DA:1923,17541
DA:1924,17541
DA:1925,17541
DA:1926,17541
DA:1932,17541
DA:1933,17541
DA:1934,17541
DA:1935,17541
DA:1936,17541
DA:1937,17541
DA:1938,17541
DA:1939,17541
DA:1940,17541
DA:1941,17541
DA:1943,17541
DA:1944,17541
DA:1945,17544
DA:1947,17511
DA:1948,17511
DA:1949,17509
DA:1950,3
DA:1951,3
DA:1952,3
DA:1954,17506
DA:1955,17506
DA:1959,17506
DA:1960,3518706
DA:1961,3501200
DA:1962,3501200
DA:1963,17506
DA:1964,17506
DA:1965,17506
DA:1966,17506
DA:1967,17506
DA:1969,17506
DA:1970,17506
DA:1971,17509
DA:1973,8767
DA:1974,8767
DA:1976,8764
DA:1978,8764
DA:1979,8764
DA:1980,8764
DA:1981,8764
DA:1982,8764
DA:1983,8764
DA:1984,8767
DA:1986,9
DA:1987,9
DA:1988,9
BRDA:36,0,0,129
BRDA:36,0,1,0
BRDA:112,0,0,0
BRDA:112,0,1,38
BRDA:113,0,0,0
BRDA:113,0,1,38
BRDA:133,0,0,558645
BRDA:133,0,1,14630298
BRDA:138,0,0,15209933
BRDA:138,0,1,4294946306
BRDA:138,1,2,15229192
BRDA:138,1,3,4294948037
BRDA:145,0,0,0
BRDA:145,0,1,4294925031
BRDA:164,0,0,12
BRDA:164,0,1,13368716
BRDA:166,0,0,0
BRDA:166,0,1,12
BRDA:184,0,0,40
BRDA:184,0,1,16807177
BRDA:187,0,0,44873
BRDA:187,0,1,16762304
BRDA:192,0,0,86165
BRDA:192,0,1,16721012
BRDA:195,0,0,15675506
BRDA:195,0,1,1131671
BRDA:196,0,0,0
BRDA:196,0,1,16807177
BRDA:202,0,0,6938724
BRDA:202,0,1,8736782
BRDA:210,0,0,8684580
BRDA:210,0,1,52202
BRDA:210,1,2,2528085
BRDA:210,1,3,6156495
BRDA:218,0,0,5852187
BRDA:218,0,1,318008
BRDA:220,0,0,6821261
BRDA:220,0,1,4294316230
BRDA:223,0,0,5859600
BRDA:223,0,1,961661
BRDA:224,0,0,5858564
BRDA:224,0,1,962697
BRDA:225,0,0,5936606
BRDA:225,0,1,884655
BRDA:226,0,0,3409819
BRDA:226,0,1,3411442
BRDA:232,0,0,3911971
BRDA:232,0,1,2258224
BRDA:249,0,0,-
BRDA:249,0,1,-
BRDA:249,1,2,-
BRDA:249,1,3,-
BRDA:249,2,4,-
BRDA:249,2,5,-
BRDA:257,0,0,-
BRDA:257,0,1,-
BRDA:262,0,0,-
BRDA:262,0,1,-
BRDA:267,0,0,-
BRDA:267,0,1,-
BRDA:276,0,0,16837263
BRDA:276,0,1,592099
BRDA:284,0,0,17903306
BRDA:284,0,1,2
BRDA:284,1,2,0
BRDA:284,1,3,2
BRDA:288,0,0,2
BRDA:288,0,1,4294956761
BRDA:289,0,0,2
BRDA:289,0,1,0
BRDA:300,0,0,80
BRDA:300,0,1,11
BRDA:307,0,0,0
BRDA:307,0,1,19
BRDA:314,0,0,11
BRDA:314,0,1,8
BRDA:314,1,2,11
BRDA:314,1,3,0
BRDA:315,0,0,8
BRDA:315,0,1,3
BRDA:316,0,0,64
BRDA:316,0,1,8
BRDA:330,0,0,8
BRDA:330,0,1,11
BRDA:330,1,2,8
BRDA:330,1,3,0
BRDA:331,0,0,63
BRDA:331,0,1,8
BRDA:353,0,0,4294966981
BRDA:353,0,1,312657
BRDA:353,1,2,4294967280
BRDA:353,1,3,312673
BRDA:356,0,0,312749
BRDA:356,0,1,4294966889
BRDA:376,0,0,0
BRDA:376,0,1,17897927
BRDA:380,0,0,0
BRDA:380,0,1,17897927
BRDA:388,0,0,840580
BRDA:388,0,1,17057347
BRDA:389,0,0,0
BRDA:389,0,1,840580
BRDA:390,0,0,-
BRDA:390,0,1,-
BRDA:397,0,0,-
BRDA:397,0,1,-
BRDA:403,0,0,860972
BRDA:403,0,1,4294946904
BRDA:412,0,0,60867
BRDA:412,0,1,779713
BRDA:421,0,0,0
BRDA:421,0,1,17837060
BRDA:438,0,0,975367
BRDA:438,0,1,16546880
BRDA:439,0,0,0
BRDA:439,0,1,975367
BRDA:439,1,2,-
BRDA:439,1,3,-
BRDA:468,0,0,523
BRDA:468,0,1,121
BRDA:471,0,0,6
BRDA:471,0,1,523
BRDA:479,0,0,0
BRDA:479,0,1,523
BRDA:485,0,0,5755
BRDA:485,0,1,523
BRDA:490,0,0,523
BRDA:490,0,1,0
BRDA:505,0,0,1
BRDA:505,0,1,129
BRDA:539,0,0,37
BRDA:539,0,1,90
BRDA:545,0,0,0
BRDA:545,0,1,127
BRDA:551,0,0,0
BRDA:551,0,1,127
BRDA:551,1,2,0
BRDA:551,1,3,127
BRDA:555,0,0,127
BRDA:555,0,1,0
BRDA:556,0,0,0
BRDA:556,0,1,127
BRDA:560,0,0,0
BRDA:560,0,1,127
BRDA:560,1,2,0
BRDA:560,1,3,127
BRDA:566,0,0,0
BRDA:566,0,1,127
BRDA:574,0,0,127
BRDA:574,0,1,0
BRDA:576,0,0,127
BRDA:576,0,1,0
BRDA:592,0,0,0
BRDA:592,0,1,127
BRDA:599,0,0,0
BRDA:599,0,1,127
BRDA:604,0,0,89
BRDA:604,0,1,38
BRDA:606,0,0,0
BRDA:606,0,1,127
BRDA:613,0,0,127
BRDA:613,0,1,0
BRDA:616,0,0,580
BRDA:616,0,1,127
BRDA:617,0,0,0
BRDA:617,0,1,580
BRDA:619,0,0,-
BRDA:619,0,1,-
BRDA:627,0,0,12
BRDA:627,0,1,568
BRDA:632,0,0,0
BRDA:632,0,1,580
BRDA:636,0,0,580
BRDA:636,0,1,0
BRDA:639,0,0,0
BRDA:639,0,1,580
BRDA:648,0,0,0
BRDA:648,0,1,127
BRDA:653,0,0,580
BRDA:653,0,1,127
BRDA:655,0,0,0
BRDA:655,0,1,580
BRDA:662,0,0,121
BRDA:662,0,1,6
BRDA:664,0,0,0
BRDA:664,0,1,121
BRDA:675,0,0,-
BRDA:675,0,1,-
BRDA:689,0,0,0
BRDA:689,0,1,127
BRDA:697,0,0,121
BRDA:697,0,1,6
BRDA:697,1,2,121
BRDA:697,1,3,0
BRDA:710,0,0,0
BRDA:710,0,1,127
BRDA:713,0,0,0
BRDA:713,0,1,127
BRDA:718,0,0,127
BRDA:718,0,1,0
BRDA:723,0,0,580
BRDA:723,0,1,127
BRDA:742,0,0,1877
BRDA:742,0,1,173563
BRDA:742,1,2,4294967261
BRDA:742,1,3,173598
BRDA:742,2,4,4294966812
BRDA:742,2,5,173529
BRDA:747,0,0,173542
BRDA:747,0,1,1892
BRDA:748,0,0,2
BRDA:748,0,1,173540
BRDA:757,0,0,177138
BRDA:757,0,1,4294963698
BRDA:762,0,0,58156
BRDA:762,0,1,115384
BRDA:763,0,0,0
BRDA:763,0,1,58156
BRDA:778,0,0,0
BRDA:778,0,1,115384
BRDA:780,0,0,-
BRDA:780,0,1,-
BRDA:787,0,0,2
BRDA:787,0,1,115382
BRDA:791,0,0,19
BRDA:791,0,1,1873
BRDA:793,0,0,6
BRDA:793,0,1,13
BRDA:798,0,0,2
BRDA:798,0,1,11
BRDA:803,0,0,0
BRDA:803,0,1,11
BRDA:803,1,2,2
BRDA:803,1,3,9
BRDA:810,0,0,1
BRDA:810,0,1,8
BRDA:810,1,2,2
BRDA:810,1,3,6
BRDA:816,0,0,0
BRDA:816,0,1,6
BRDA:838,0,0,0
BRDA:838,0,1,6
BRDA:856,0,0,4294943839
BRDA:856,0,1,17028269
BRDA:856,1,2,761
BRDA:856,1,3,17027508
BRDA:856,2,4,4294952213
BRDA:856,2,5,17043185
BRDA:861,0,0,17045356
BRDA:861,0,1,4294926746
BRDA:862,0,0,1
BRDA:862,0,1,17045355
BRDA:871,0,0,17483106
BRDA:871,0,1,4294529545
BRDA:876,0,0,2797
BRDA:876,0,1,17042558
BRDA:877,0,0,0
BRDA:877,0,1,2797
BRDA:892,0,0,0
BRDA:892,0,1,17042558
BRDA:894,0,0,-
BRDA:894,0,1,-
BRDA:901,0,0,0
BRDA:901,0,1,17042558
BRDA:905,0,0,3
BRDA:905,0,1,4294926743
BRDA:907,0,0,1
BRDA:907,0,1,2
BRDA:912,0,0,0
BRDA:912,0,1,2
BRDA:917,0,0,0
BRDA:917,0,1,2
BRDA:917,1,2,0
BRDA:917,1,3,2
BRDA:924,0,0,0
BRDA:924,0,1,2
BRDA:924,1,2,0
BRDA:924,1,3,2
BRDA:930,0,0,0
BRDA:930,0,1,2
BRDA:952,0,0,0
BRDA:952,0,1,2
BRDA:975,0,0,2
BRDA:975,0,1,8
BRDA:975,1,2,2
BRDA:975,1,3,6
BRDA:984,0,0,6
BRDA:984,0,1,0
BRDA:989,0,0,0
BRDA:989,0,1,6
BRDA:990,0,0,-
BRDA:990,0,1,-
BRDA:1003,0,0,2
BRDA:1003,0,1,4
BRDA:1009,0,0,0
BRDA:1009,0,1,6
BRDA:1011,0,0,-
BRDA:1011,0,1,-
BRDA:1018,0,0,0
BRDA:1018,0,1,6
BRDA:1031,0,0,2
BRDA:1031,0,1,17
BRDA:1031,1,2,2
BRDA:1031,1,3,15
BRDA:1031,2,4,1
BRDA:1031,2,5,14
BRDA:1031,3,6,2
BRDA:1031,3,7,12
BRDA:1031,4,8,1
BRDA:1031,4,9,11
BRDA:1040,0,0,11
BRDA:1040,0,1,0
BRDA:1045,0,0,0
BRDA:1045,0,1,11
BRDA:1046,0,0,-
BRDA:1046,0,1,-
BRDA:1061,0,0,0
BRDA:1061,0,1,11
BRDA:1063,0,0,-
BRDA:1063,0,1,-
BRDA:1070,0,0,0
BRDA:1070,0,1,11
BRDA:1079,0,0,2
BRDA:1079,0,1,4
BRDA:1079,1,2,1
BRDA:1079,1,3,3
BRDA:1079,2,4,0
BRDA:1079,2,5,3
BRDA:1079,3,6,1
BRDA:1079,3,7,2
BRDA:1079,4,8,1
BRDA:1079,4,9,1
BRDA:1088,0,0,1
BRDA:1088,0,1,0
BRDA:1093,0,0,0
BRDA:1093,0,1,1
BRDA:1094,0,0,-
BRDA:1094,0,1,-
BRDA:1109,0,0,0
BRDA:1109,0,1,1
BRDA:1111,0,0,-
BRDA:1111,0,1,-
BRDA:1118,0,0,0
BRDA:1118,0,1,1
BRDA:1130,0,0,2
BRDA:1130,0,1,2
BRDA:1130,1,2,2
BRDA:1130,1,3,0
BRDA:1135,0,0,-
BRDA:1135,0,1,-
BRDA:1141,0,0,-
BRDA:1141,0,1,-
BRDA:1147,0,0,-
BRDA:1147,0,1,-
BRDA:1147,1,2,-
BRDA:1147,1,3,-
BRDA:1156,0,0,-
BRDA:1156,0,1,-
BRDA:1165,0,0,-
BRDA:1165,0,1,-
BRDA:1176,0,0,-
BRDA:1176,0,1,-
BRDA:1183,0,0,-
BRDA:1183,0,1,-
BRDA:1184,0,0,-
BRDA:1184,0,1,-
BRDA:1204,0,0,2
BRDA:1204,0,1,1
BRDA:1211,0,0,2
BRDA:1211,0,1,1
BRDA:1219,0,0,2
BRDA:1219,0,1,1
BRDA:1232,0,0,2
BRDA:1232,0,1,2
BRDA:1232,1,2,0
BRDA:1232,1,3,2
BRDA:1244,0,0,0
BRDA:1244,0,1,64326
BRDA:1250,0,0,0
BRDA:1250,0,1,64326
BRDA:1260,0,0,55246
BRDA:1260,0,1,9080
BRDA:1270,0,0,509362
BRDA:1270,0,1,64326
BRDA:1273,0,0,488564
BRDA:1273,0,1,20798
BRDA:1275,0,0,0
BRDA:1275,0,1,488564
BRDA:1276,0,0,-
BRDA:1276,0,1,-
BRDA:1287,0,0,21184
BRDA:1287,0,1,467380
BRDA:1298,0,0,13351
BRDA:1298,0,1,50975
BRDA:1298,1,2,7808
BRDA:1298,1,3,5543
BRDA:1299,0,0,61619
BRDA:1299,0,1,7807
BRDA:1303,0,0,0
BRDA:1303,0,1,61619
BRDA:1304,0,0,-
BRDA:1304,0,1,-
BRDA:1315,0,0,3745
BRDA:1315,0,1,57874
BRDA:1321,0,0,0
BRDA:1321,0,1,64326
BRDA:1321,1,2,-
BRDA:1321,1,3,-
BRDA:1325,0,0,0
BRDA:1325,0,1,64326
BRDA:1325,1,2,-
BRDA:1325,1,3,-
BRDA:1334,0,0,1
BRDA:1334,0,1,116440
BRDA:1341,0,0,0
BRDA:1341,0,1,116440
BRDA:1351,0,0,49081
BRDA:1351,0,1,67359
BRDA:1361,0,0,1380247
BRDA:1361,0,1,116440
BRDA:1364,0,0,0
BRDA:1364,0,1,1380247
BRDA:1365,0,0,-
BRDA:1365,0,1,-
BRDA:1376,0,0,503129
BRDA:1376,0,1,877118
BRDA:1379,0,0,535923
BRDA:1379,0,1,844324
BRDA:1379,1,2,67417
BRDA:1379,1,3,468506
BRDA:1383,0,0,66829
BRDA:1383,0,1,49611
BRDA:1384,0,0,0
BRDA:1384,0,1,66829
BRDA:1390,0,0,0
BRDA:1390,0,1,49611
BRDA:1397,0,0,49023
BRDA:1397,0,1,588
BRDA:1403,0,0,211
BRDA:1403,0,1,377
BRDA:1405,0,0,1209
BRDA:1405,0,1,211
BRDA:1406,0,0,211
BRDA:1406,0,1,998
BRDA:1408,0,0,155
BRDA:1408,0,1,843
BRDA:1412,0,0,0
BRDA:1412,0,1,211
BRDA:1417,0,0,0
BRDA:1417,0,1,377
BRDA:1422,0,0,0
BRDA:1422,0,1,377
BRDA:1429,0,0,0
BRDA:1429,0,1,2
BRDA:1438,0,0,0
BRDA:1438,0,1,1387
BRDA:1445,0,0,1416
BRDA:1445,0,1,1386
BRDA:1446,0,0,1
BRDA:1446,0,1,1415
BRDA:1454,0,0,4
BRDA:1454,0,1,1383
BRDA:1454,1,2,3
BRDA:1454,1,3,1
BRDA:1454,2,4,2
BRDA:1454,2,5,1
BRDA:1463,0,0,0
BRDA:1463,0,1,132
BRDA:1470,0,0,2
BRDA:1470,0,1,138
BRDA:1476,0,0,9
BRDA:1476,0,1,129
BRDA:1482,0,0,0
BRDA:1482,0,1,145
BRDA:1487,0,0,633
BRDA:1487,0,1,137
BRDA:1490,0,0,8
BRDA:1490,0,1,625
BRDA:1493,0,0,8
BRDA:1493,0,1,625
BRDA:1495,0,0,137
BRDA:1495,0,1,8
BRDA:1496,0,0,0
BRDA:1496,0,1,137
BRDA:1504,0,0,1
BRDA:1504,0,1,7
BRDA:1506,0,0,1
BRDA:1506,0,1,6
BRDA:1509,0,0,1
BRDA:1509,0,1,0
BRDA:1509,1,2,-
BRDA:1509,1,3,-
BRDA:1512,0,0,0
BRDA:1512,0,1,6
BRDA:1517,0,0,0
BRDA:1517,0,1,6
BRDA:1518,0,0,6
BRDA:1518,0,1,0
BRDA:1522,0,0,7
BRDA:1522,0,1,0
BRDA:1523,0,0,0
BRDA:1523,0,1,7
BRDA:1533,0,0,0
BRDA:1533,0,1,3655
BRDA:1533,1,2,3
BRDA:1533,1,3,3652
BRDA:1542,0,0,0
BRDA:1542,0,1,3655
BRDA:1542,1,2,2
BRDA:1542,1,3,3653
BRDA:1555,0,0,1
BRDA:1555,0,1,15
BRDA:1555,1,2,1
BRDA:1555,1,3,14
BRDA:1555,2,4,3
BRDA:1555,2,5,11
BRDA:1555,3,6,0
BRDA:1555,3,7,11
BRDA:1562,0,0,2
BRDA:1562,0,1,9
BRDA:1562,1,2,0
BRDA:1562,1,3,9
BRDA:1570,0,0,0
BRDA:1570,0,1,9
BRDA:1578,0,0,65
BRDA:1578,0,1,8
BRDA:1583,0,0,1
BRDA:1583,0,1,64
BRDA:1586,0,0,0
BRDA:1586,0,1,1
BRDA:1610,0,0,1
BRDA:1610,0,1,10
BRDA:1617,0,0,2
BRDA:1617,0,1,8
BRDA:1617,1,2,2
BRDA:1617,1,3,0
BRDA:1629,0,0,0
BRDA:1629,0,1,8
BRDA:1634,0,0,1
BRDA:1634,0,1,7
BRDA:1639,0,0,0
BRDA:1639,0,1,7
BRDA:1646,0,0,7
BRDA:1646,0,1,0
BRDA:1646,1,2,7
BRDA:1646,1,3,0
BRDA:1648,0,0,7
BRDA:1648,0,1,0
BRDA:1653,0,0,-
BRDA:1653,0,1,-
BRDA:1665,0,0,1
BRDA:1665,0,1,17
BRDA:1665,1,2,2
BRDA:1665,1,3,15
BRDA:1665,2,4,5
BRDA:1665,2,5,10
BRDA:1665,3,6,0
BRDA:1665,3,7,10
BRDA:1672,0,0,2
BRDA:1672,0,1,8
BRDA:1672,1,2,0
BRDA:1672,1,3,8
BRDA:1680,0,0,0
BRDA:1680,0,1,8
BRDA:1688,0,0,63
BRDA:1688,0,1,8
BRDA:1693,0,0,0
BRDA:1693,0,1,63
BRDA:1696,0,0,-
BRDA:1696,0,1,-
BRDA:1720,0,0,1
BRDA:1720,0,1,9
BRDA:1720,1,2,2
BRDA:1720,1,3,7
BRDA:1727,0,0,3
BRDA:1727,0,1,4
BRDA:1727,1,2,0
BRDA:1727,1,3,4
BRDA:1729,0,0,0
BRDA:1729,0,1,3
BRDA:1733,0,0,2
BRDA:1733,0,1,2
BRDA:1744,0,0,24
BRDA:1744,0,1,2
BRDA:1749,0,0,0
BRDA:1749,0,1,24
BRDA:1752,0,0,-
BRDA:1752,0,1,-
BRDA:1773,0,0,1
BRDA:1773,0,1,10
BRDA:1780,0,0,2
BRDA:1780,0,1,8
BRDA:1780,1,2,2
BRDA:1780,1,3,0
BRDA:1792,0,0,0
BRDA:1792,0,1,8
BRDA:1797,0,0,0
BRDA:1797,0,1,8
BRDA:1802,0,0,0
BRDA:1802,0,1,8
BRDA:1809,0,0,8
BRDA:1809,0,1,0
BRDA:1809,1,2,8
BRDA:1809,1,3,0
BRDA:1811,0,0,8
BRDA:1811,0,1,0
BRDA:1816,0,0,-
BRDA:1816,0,1,-
BRDA:1836,0,0,4
BRDA:1836,0,1,11510
BRDA:1836,1,2,1
BRDA:1836,1,3,11509
BRDA:1849,0,0,137859
BRDA:1849,0,1,11509
BRDA:1871,0,0,26752
BRDA:1871,0,1,111107
BRDA:1881,0,0,11509
BRDA:1881,0,1,0
BRDA:1909,0,0,1
BRDA:1909,0,1,27
BRDA:1914,0,0,1
BRDA:1914,0,1,17545
BRDA:1914,1,2,1
BRDA:1914,1,3,17544
BRDA:1915,0,0,1
BRDA:1915,0,1,17543
BRDA:1915,1,2,2
BRDA:1915,1,3,17541
BRDA:1948,0,0,1
BRDA:1948,0,1,17510
BRDA:1948,1,2,1
BRDA:1948,1,3,17509
BRDA:1949,0,0,1
BRDA:1949,0,1,17508
BRDA:1949,1,2,2
BRDA:1949,1,3,17506
BRDA:1960,0,0,3501200
BRDA:1960,0,1,17506
BRDA:1974,0,0,2
BRDA:1974,0,1,8765
BRDA:1974,1,2,1
BRDA:1974,1,3,8764
BRF:642
BRH:441
LF:1340
LH:983
end_of_record
SF:/Users/par/Documents/src/AuraIO/src/internal.h
FN:46,adaptive_engine.c:get_time_ns
FN:61,adaptive_engine.c:iovec_total_len
FN:46,auraio.c:get_time_ns
FN:61,auraio.c:iovec_total_len
FN:46,adaptive_ring.c:get_time_ns
FN:61,adaptive_ring.c:iovec_total_len
FNDA:6394,adaptive_engine.c:get_time_ns
FNDA:0,adaptive_engine.c:iovec_total_len
FNDA:15,auraio.c:get_time_ns
FNDA:0,auraio.c:iovec_total_len
FNDA:4405073,adaptive_ring.c:get_time_ns
FNDA:16,adaptive_ring.c:iovec_total_len
FNF:2
FNH:2
DA:34,14739551
DA:35,17617836
DA:46,4411482
DA:47,4411482
DA:48,4411482
DA:49,0
DA:50,0
DA:51,4411482
DA:52,4411482
DA:61,16
DA:62,16
DA:63,57
DA:64,41
DA:65,0
DA:66,0
DA:67,41
DA:68,41
DA:69,16
DA:70,16
BRDA:48,0,0,0
BRDA:48,0,1,6394
BRDA:48,1,2,0
BRDA:48,1,3,15
BRDA:48,2,4,0
BRDA:48,2,5,4405073
BRDA:63,0,0,41
BRDA:63,0,1,16
BRDA:64,0,0,0
BRDA:64,0,1,41
BRF:6
BRH:4
LF:17
LH:13
end_of_record
SF:/Users/par/Documents/src/AuraIO/src/log.c
FN:15,auraio_set_log_handler
FN:20,auraio_log
FNDA:10,auraio_set_log_handler
FNDA:3,auraio_log
FNF:2
FNH:2
DA:15,10
DA:16,10
DA:17,10
DA:18,10
DA:20,3
DA:21,3
DA:22,3
DA:23,1
DA:24,1
DA:29,2
DA:31,2
DA:32,2
DA:33,2
DA:34,2
DA:35,2
DA:37,2
DA:38,2
BRDA:22,0,0,1
BRDA:22,0,1,2
BRF:2
BRH:2
LF:16
LH:16
end_of_record
